Level	Simulation	Output_Var	Time	Data	Prediction
1_1_1	1	lnCPL_APAP_mcgL	0.5	11.1496	10.9579
1_1_1	1	lnCPL_APAP_mcgL	0.75	11.357	11.1064
1_1_1	1	lnCPL_APAP_mcgL	1	11.1583	11.1767
1_1_1	1	lnCPL_APAP_mcgL	1.5	10.9794	11.2065
1_1_1	1	lnCPL_APAP_mcgL	2	10.9794	11.1624
1_1_1	1	lnCPL_APAP_mcgL	3	10.8735	10.9797
1_1_1	1	lnCPL_APAP_mcgL	4	10.6532	10.7429
1_1_1	1	lnCPL_APAP_mcgL	6	10.1775	10.205
1_1_1	1	lnCPL_APAP_mcgL	8	9.6145	9.62251
1_1_1	1	lnCPL_APAP_mcgL	10	-1	9.01324

1_1_1	1	lnCPL_AG_mcgL	0.5	9.3288	9.32813
1_1_1	1	lnCPL_AG_mcgL	0.75	10.1109	9.98598
1_1_1	1	lnCPL_AG_mcgL	1	10.5093	10.4012
1_1_1	1	lnCPL_AG_mcgL	1.5	11.0057	10.9034
1_1_1	1	lnCPL_AG_mcgL	2	11.2879	11.1893
1_1_1	1	lnCPL_AG_mcgL	3	11.5434	11.4666
1_1_1	1	lnCPL_AG_mcgL	4	11.5929	11.5509
1_1_1	1	lnCPL_AG_mcgL	6	11.4362	11.4574
1_1_1	1	lnCPL_AG_mcgL	8	11.0941	11.1882
1_1_1	1	lnCPL_AG_mcgL	10	10.7324	10.8232
1_1_1	1	lnCPL_AG_mcgL	12	10.3191	10.3974

1_1_1	1	lnCPL_AS_mcgL	0.5	8.6702	8.64534
1_1_1	1	lnCPL_AS_mcgL	0.75	9.1882	8.9951
1_1_1	1	lnCPL_AS_mcgL	1	9.3634	9.22908
1_1_1	1	lnCPL_AS_mcgL	1.5	9.577	9.53048
1_1_1	1	lnCPL_AS_mcgL	2	9.7297	9.71669
1_1_1	1	lnCPL_AS_mcgL	3	9.8477	9.92181
1_1_1	1	lnCPL_AS_mcgL	4	9.9619	10.0064
1_1_1	1	lnCPL_AS_mcgL	6	9.8872	9.9763
1_1_1	1	lnCPL_AS_mcgL	8	9.689	9.77083
1_1_1	1	lnCPL_AS_mcgL	10	9.4287	9.44144
1_1_1	1	lnCPL_AS_mcgL	12	9.0757	9.02235

1_1_1	1	lnCU_APAP_mcg	0	-1	-20

1_1_1	1	lnCU_AG_mcg	0	-1	-20

1_1_1	1	lnCU_AS_mcg	0	-1	-20


1_1_2	2	lnCPL_APAP_mcgL	0.25	9.6486	10.2467
1_1_2	2	lnCPL_APAP_mcgL	0.5	9.8363	10.0662
1_1_2	2	lnCPL_APAP_mcgL	0.75	9.8416	9.94416
1_1_2	2	lnCPL_APAP_mcgL	1	9.7981	9.85286
1_1_2	2	lnCPL_APAP_mcgL	1.5	9.655	9.69198
1_1_2	2	lnCPL_APAP_mcgL	2	9.5178	9.535
1_1_2	2	lnCPL_APAP_mcgL	3	9.2203	9.219
1_1_2	2	lnCPL_APAP_mcgL	4	8.9187	8.89976
1_1_2	2	lnCPL_APAP_mcgL	6	8.294	8.25455
1_1_2	2	lnCPL_APAP_mcgL	8	7.836	7.60397

1_1_2	2	lnCPL_AG_mcgL	0.25	8.0722	8.17222
1_1_2	2	lnCPL_AG_mcgL	0.5	8.9804	9.08053
1_1_2	2	lnCPL_AG_mcgL	0.75	9.5047	9.47988
1_1_2	2	lnCPL_AG_mcgL	1	9.806	9.70796
1_1_2	2	lnCPL_AG_mcgL	1.5	10.1138	9.94934
1_1_2	2	lnCPL_AG_mcgL	2	10.2139	10.0577
1_1_2	2	lnCPL_AG_mcgL	3	10.1567	10.1001
1_1_2	2	lnCPL_AG_mcgL	4	10.0871	10.0267
1_1_2	2	lnCPL_AG_mcgL	6	9.6304	9.71376
1_1_2	2	lnCPL_AG_mcgL	8	9.2425	9.28448

1_1_2	2	lnCPL_AS_mcgL	0.25	8.1743	8.28422
1_1_2	2	lnCPL_AS_mcgL	0.5	8.8166	8.70947
1_1_2	2	lnCPL_AS_mcgL	0.75	9.0136	8.88033
1_1_2	2	lnCPL_AS_mcgL	1	9.1653	8.97512
1_1_2	2	lnCPL_AS_mcgL	1.5	9.1427	9.06668
1_1_2	2	lnCPL_AS_mcgL	2	9.0802	9.08646
1_1_2	2	lnCPL_AS_mcgL	3	8.9097	9.01003
1_1_2	2	lnCPL_AS_mcgL	4	8.8052	8.84618
1_1_2	2	lnCPL_AS_mcgL	6	8.394	8.38563
1_1_2	2	lnCPL_AS_mcgL	8	7.9587	7.83362

1_1_2	2	lnCU_APAP_mcg	0.6	8.6878	9.09277
1_1_2	2	lnCU_APAP_mcg	1.6	9.7585	9.9379
1_1_2	2	lnCU_APAP_mcg	2.6	10.1999	10.284
1_1_2	2	lnCU_APAP_mcg	3.6	10.44	10.4772
1_1_2	2	lnCU_APAP_mcg	4.6	10.5739	10.5974
1_1_2	2	lnCU_APAP_mcg	5.6	10.669	10.6763
1_1_2	2	lnCU_APAP_mcg	6.5	10.7277	10.7252
1_1_2	2	lnCU_APAP_mcg	7.5	10.7893	10.7635
1_1_2	2	lnCU_APAP_mcg	8.5	10.8198	10.7903
1_1_2	2	lnCU_APAP_mcg	9.6	10.8532	10.8107
1_1_2	2	lnCU_APAP_mcg	10.5	10.8799	10.8225
1_1_2	2	lnCU_APAP_mcg	11.5	10.9041	10.8321

1_1_2	2	lnCU_AG_mcg	0.6	10.7199	10.1689
1_1_2	2	lnCU_AG_mcg	1.6	12.3436	12.1275
1_1_2	2	lnCU_AG_mcg	2.6	12.9835	12.9071
1_1_2	2	lnCU_AG_mcg	3.6	13.3256	13.3512
1_1_2	2	lnCU_AG_mcg	4.6	13.5523	13.6375
1_1_2	2	lnCU_AG_mcg	5.6	13.7181	13.8335
1_1_2	2	lnCU_AG_mcg	6.5	13.8157	13.9604
1_1_2	2	lnCU_AG_mcg	7.5	13.8928	14.0639
1_1_2	2	lnCU_AG_mcg	8.5	13.9512	14.1395
1_1_2	2	lnCU_AG_mcg	9.6	14.0045	14.1999
1_1_2	2	lnCU_AG_mcg	10.5	14.038	14.2365
1_1_2	2	lnCU_AG_mcg	11.5	14.0671	14.2671

1_1_2	2	lnCU_AS_mcg	0.6	10.5596	10.1319
1_1_2	2	lnCU_AS_mcg	1.6	11.7824	11.5923
1_1_2	2	lnCU_AS_mcg	2.6	12.2527	12.2048
1_1_2	2	lnCU_AS_mcg	3.6	12.5145	12.5565
1_1_2	2	lnCU_AS_mcg	4.6	12.6987	12.7802
1_1_2	2	lnCU_AS_mcg	5.6	12.8421	12.9298
1_1_2	2	lnCU_AS_mcg	6.5	12.9312	13.0241
1_1_2	2	lnCU_AS_mcg	7.5	13.0026	13.0988
1_1_2	2	lnCU_AS_mcg	8.5	13.0563	13.1516
1_1_2	2	lnCU_AS_mcg	9.6	13.1042	13.1923
1_1_2	2	lnCU_AS_mcg	10.5	13.1349	13.216
1_1_2	2	lnCU_AS_mcg	11.5	13.1646	13.2353


1_1_3	3	lnCPL_APAP_mcgL	0.5	9.2797	9.50366
1_1_3	3	lnCPL_APAP_mcgL	1	9.4681	9.45598
1_1_3	3	lnCPL_APAP_mcgL	1.5	9.2923	9.31005
1_1_3	3	lnCPL_APAP_mcgL	2	9.0719	9.14095
1_1_3	3	lnCPL_APAP_mcgL	3	8.7246	8.78617
1_1_3	3	lnCPL_APAP_mcgL	4	8.3994	8.426
1_1_3	3	lnCPL_APAP_mcgL	5	8.1881	8.06393
1_1_3	3	lnCPL_APAP_mcgL	6	7.892	7.70072
1_1_3	3	lnCPL_APAP_mcgL	8	7.3309	6.97216
1_1_3	3	lnCPL_APAP_mcgL	10	-1	6.24203
1_1_3	3	lnCPL_APAP_mcgL	12	-1	5.51114

1_1_3	3	lnCPL_AG_mcgL	0.5	8.3935	8.40489
1_1_3	3	lnCPL_AG_mcgL	1	9.3632	9.30975
1_1_3	3	lnCPL_AG_mcgL	1.5	9.8072	9.66669
1_1_3	3	lnCPL_AG_mcgL	2	9.982	9.83215
1_1_3	3	lnCPL_AG_mcgL	3	10.0493	9.92611
1_1_3	3	lnCPL_AG_mcgL	4	9.926	9.87584
1_1_3	3	lnCPL_AG_mcgL	5	9.7817	9.75287
1_1_3	3	lnCPL_AG_mcgL	6	9.552	9.58529
1_1_3	3	lnCPL_AG_mcgL	8	9.1014	9.16725
1_1_3	3	lnCPL_AG_mcgL	10	8.6473	8.68036
1_1_3	3	lnCPL_AG_mcgL	12	-1	8.1503

1_1_3	3	lnCPL_AS_mcgL	0.5	8.317	8.28165
1_1_3	3	lnCPL_AS_mcgL	1	8.7968	8.70967
1_1_3	3	lnCPL_AS_mcgL	1.5	8.9727	8.84878
1_1_3	3	lnCPL_AS_mcgL	2	8.887	8.8879
1_1_3	3	lnCPL_AS_mcgL	3	8.7968	8.83078
1_1_3	3	lnCPL_AS_mcgL	4	8.539	8.67812
1_1_3	3	lnCPL_AS_mcgL	5	8.4138	8.47037
1_1_3	3	lnCPL_AS_mcgL	6	8.1712	8.22647
1_1_3	3	lnCPL_AS_mcgL	8	7.6798	7.66898
1_1_3	3	lnCPL_AS_mcgL	10	7.2098	7.05305
1_1_3	3	lnCPL_AS_mcgL	12	-1	6.40124

1_1_3	3	lnCU_APAP_mcg	0	-1	-20

1_1_3	3	lnCU_AG_mcg	0	-1	-20

1_1_3	3	lnCU_AS_mcg	0	-1	-20


1_1_4	4	lnCPL_APAP_mcgL	0.0732	7.0984	7.79592
1_1_4	4	lnCPL_APAP_mcgL	0.115	8.1017	8.27104
1_1_4	4	lnCPL_APAP_mcgL	0.151	8.6587	8.50032
1_1_4	4	lnCPL_APAP_mcgL	0.181	9.0009	8.62903
1_1_4	4	lnCPL_APAP_mcgL	0.227	9.278	8.76374
1_1_4	4	lnCPL_APAP_mcgL	0.321	9.2686	8.91767
1_1_4	4	lnCPL_APAP_mcgL	0.423	9.2399	9.00052
1_1_4	4	lnCPL_APAP_mcgL	0.486	9.1952	9.03018
1_1_4	4	lnCPL_APAP_mcgL	0.636	9.0312	9.06474
1_1_4	4	lnCPL_APAP_mcgL	0.817	8.9746	9.06672
1_1_4	4	lnCPL_APAP_mcgL	1	8.9052	9.04314
1_1_4	4	lnCPL_APAP_mcgL	1.25	8.7842	8.9861
1_1_4	4	lnCPL_APAP_mcgL	1.5	8.6759	8.91161
1_1_4	4	lnCPL_APAP_mcgL	2	8.5331	8.73476
1_1_4	4	lnCPL_APAP_mcgL	3	8.1691	8.33716
1_1_4	4	lnCPL_APAP_mcgL	4	7.779	7.92292
1_1_4	4	lnCPL_APAP_mcgL	5	7.4616	7.50457
1_1_4	4	lnCPL_APAP_mcgL	6	7.1778	7.08473

1_1_4	4	lnCPL_AG_mcgL	0	-1	-20

1_1_4	4	lnCPL_AS_mcgL	0	-1	-20

1_1_4	4	lnCU_APAP_mcg	0	-1	-20

1_1_4	4	lnCU_AG_mcg	0	-1	-20

1_1_4	4	lnCU_AS_mcg	0	-1	-20


1_1_5	5	lnCPL_APAP_mcgL	0.5	7.5756	7.76222
1_1_5	5	lnCPL_APAP_mcgL	1	7.8973	7.8269
1_1_5	5	lnCPL_APAP_mcgL	1.5	8.0359	7.75335
1_1_5	5	lnCPL_APAP_mcgL	2	7.9409	7.63254
1_1_5	5	lnCPL_APAP_mcgL	2.5	7.7536	7.49243
1_1_5	5	lnCPL_APAP_mcgL	3	7.5909	7.34391
1_1_5	5	lnCPL_APAP_mcgL	4	7.3395	7.03747
1_1_5	5	lnCPL_APAP_mcgL	6	6.6758	6.41536
1_1_5	5	lnCPL_APAP_mcgL	8	6.1654	5.79068
1_1_5	5	lnCPL_APAP_mcgL	10	-1	5.16509

1_1_5	5	lnCPL_AG_mcgL	0.5	5.7038	6.45289
1_1_5	5	lnCPL_AG_mcgL	1	7.6639	7.40953
1_1_5	5	lnCPL_AG_mcgL	1.5	8.149	7.82744
1_1_5	5	lnCPL_AG_mcgL	2	8.3687	8.04776
1_1_5	5	lnCPL_AG_mcgL	2.5	8.468	8.16994
1_1_5	5	lnCPL_AG_mcgL	3	8.5192	8.23512
1_1_5	5	lnCPL_AG_mcgL	4	8.4338	8.26644
1_1_5	5	lnCPL_AG_mcgL	6	8.052	8.12713
1_1_5	5	lnCPL_AG_mcgL	8	7.5549	7.85595
1_1_5	5	lnCPL_AG_mcgL	10	7.1624	7.51513

1_1_5	5	lnCPL_AS_mcgL	0.5	6.5539	6.80573
1_1_5	5	lnCPL_AS_mcgL	1	7.3524	7.29708
1_1_5	5	lnCPL_AS_mcgL	1.5	7.7098	7.4923
1_1_5	5	lnCPL_AS_mcgL	2	7.7579	7.57571
1_1_5	5	lnCPL_AS_mcgL	2.5	7.7007	7.60043
1_1_5	5	lnCPL_AS_mcgL	3	7.5909	7.5887
1_1_5	5	lnCPL_AS_mcgL	4	7.4384	7.49675
1_1_5	5	lnCPL_AS_mcgL	6	6.9177	7.16002
1_1_5	5	lnCPL_AS_mcgL	8	6.4489	6.71597
1_1_5	5	lnCPL_AS_mcgL	10	6.1841	6.21334

1_1_5	5	lnCU_APAP_mcg	0	-1	-20

1_1_5	5	lnCU_AG_mcg	0	-1	-20

1_1_5	5	lnCU_AS_mcg	0	-1	-20


1_2_1	6	lnCPL_APAP_mcgL	0.5	9.9942	9.93405
1_2_1	6	lnCPL_APAP_mcgL	1	9.8147	9.88932
1_2_1	6	lnCPL_APAP_mcgL	1.5	9.6291	9.76621
1_2_1	6	lnCPL_APAP_mcgL	2	9.488	9.62477
1_2_1	6	lnCPL_APAP_mcgL	3	9.2496	9.32869
1_2_1	6	lnCPL_APAP_mcgL	4	8.9708	9.02738
1_2_1	6	lnCPL_APAP_mcgL	5	8.6604	8.72345
1_2_1	6	lnCPL_APAP_mcgL	6	8.3825	8.41765
1_2_1	6	lnCPL_APAP_mcgL	7	8.197	8.11047
1_2_1	6	lnCPL_APAP_mcgL	8	7.9374	7.80225
1_2_1	6	lnCPL_APAP_mcgL	9	-1	7.49328
1_2_1	6	lnCPL_APAP_mcgL	10	-1	7.18374
1_2_1	6	lnCPL_APAP_mcgL	11	-1	6.87378
1_2_1	6	lnCPL_APAP_mcgL	12	-1	6.56352

1_2_1	6	lnCPL_AG_mcgL	0.5	8.3168	8.61163
1_2_1	6	lnCPL_AG_mcgL	1	9.4047	9.44186
1_2_1	6	lnCPL_AG_mcgL	1.5	9.6884	9.764
1_2_1	6	lnCPL_AG_mcgL	2	9.8343	9.90549
1_2_1	6	lnCPL_AG_mcgL	3	9.8896	9.9632
1_2_1	6	lnCPL_AG_mcgL	4	9.8319	9.88362
1_2_1	6	lnCPL_AG_mcgL	5	9.6924	9.73521
1_2_1	6	lnCPL_AG_mcgL	6	9.5144	9.54506
1_2_1	6	lnCPL_AG_mcgL	7	9.2735	9.32693
1_2_1	6	lnCPL_AG_mcgL	8	9.0257	9.08887
1_2_1	6	lnCPL_AG_mcgL	9	8.8558	8.83607
1_2_1	6	lnCPL_AG_mcgL	10	8.7345	8.57202
1_2_1	6	lnCPL_AG_mcgL	11	-1	8.29923

1_2_1	6	lnCPL_AS_mcgL	0.5	8.4314	8.44947
1_2_1	6	lnCPL_AS_mcgL	1	8.9362	8.8589
1_2_1	6	lnCPL_AS_mcgL	1.5	9.0191	9.00147
1_2_1	6	lnCPL_AS_mcgL	2	8.9872	9.04824
1_2_1	6	lnCPL_AS_mcgL	3	8.9158	9.01054
1_2_1	6	lnCPL_AS_mcgL	4	8.7388	8.88052
1_2_1	6	lnCPL_AS_mcgL	5	8.5682	8.69799
1_2_1	6	lnCPL_AS_mcgL	6	8.3765	8.48156
1_2_1	6	lnCPL_AS_mcgL	7	8.204	8.24167
1_2_1	6	lnCPL_AS_mcgL	8	7.964	7.98489
1_2_1	6	lnCPL_AS_mcgL	9	7.7515	7.71557
1_2_1	6	lnCPL_AS_mcgL	10	7.5234	7.4368
1_2_1	6	lnCPL_AS_mcgL	11	-1	7.1508

1_2_1	6	lnCU_APAP_mcg	24	11.0144	11.1618

1_2_1	6	lnCU_AG_mcg	24	14.0271	14.3583

1_2_1	6	lnCU_AS_mcg	24	13.2422	13.2211


1_2_2	7	lnCPL_APAP_mcgL	0.25	8.3405	8.61797
1_2_2	7	lnCPL_APAP_mcgL	0.5	8.0456	9.00708
1_2_2	7	lnCPL_APAP_mcgL	1	8.5271	9.25673
1_2_2	7	lnCPL_APAP_mcgL	1.5	9.0607	9.30212
1_2_2	7	lnCPL_APAP_mcgL	2	9.0927	9.26148
1_2_2	7	lnCPL_APAP_mcgL	3	9.0466	9.05965
1_2_2	7	lnCPL_APAP_mcgL	4	8.8393	8.78258
1_2_2	7	lnCPL_APAP_mcgL	6	8.2188	8.14496
1_2_2	7	lnCPL_APAP_mcgL	8	7.5704	7.46993
1_2_2	7	lnCPL_APAP_mcgL	10	-1	6.78442
1_2_2	7	lnCPL_APAP_mcgL	12	-1	6.09562

1_2_2	7	lnCPL_AG_mcgL	0.25	6.2383	5.85748
1_2_2	7	lnCPL_AG_mcgL	0.5	6.9276	7.23592
1_2_2	7	lnCPL_AG_mcgL	1	8.1831	8.36127
1_2_2	7	lnCPL_AG_mcgL	1.5	8.7749	8.88754
1_2_2	7	lnCPL_AG_mcgL	2	9.1485	9.18584
1_2_2	7	lnCPL_AG_mcgL	3	9.5819	9.47186
1_2_2	7	lnCPL_AG_mcgL	4	9.705	9.55454
1_2_2	7	lnCPL_AG_mcgL	6	9.5956	9.4472
1_2_2	7	lnCPL_AG_mcgL	8	9.1788	9.16452
1_2_2	7	lnCPL_AG_mcgL	10	8.6945	8.79313
1_2_2	7	lnCPL_AG_mcgL	12	-1	8.36906

1_2_2	7	lnCPL_AS_mcgL	0.25	6.2383	6.38758
1_2_2	7	lnCPL_AS_mcgL	0.5	6.5482	7.17554
1_2_2	7	lnCPL_AS_mcgL	1	7.6917	7.83179
1_2_2	7	lnCPL_AS_mcgL	1.5	8.1577	8.13962
1_2_2	7	lnCPL_AS_mcgL	2	8.3939	8.30752
1_2_2	7	lnCPL_AS_mcgL	3	8.5773	8.4388
1_2_2	7	lnCPL_AS_mcgL	4	8.5679	8.42445
1_2_2	7	lnCPL_AS_mcgL	6	8.2242	8.17812
1_2_2	7	lnCPL_AS_mcgL	8	7.7187	7.77749
1_2_2	7	lnCPL_AS_mcgL	10	7.2226	7.29229
1_2_2	7	lnCPL_AS_mcgL	12	-1	6.75465

1_2_2	7	lnCU_APAP_mcg	0	-1	-20

1_2_2	7	lnCU_AG_mcg	0	-1	-20

1_2_2	7	lnCU_AS_mcg	0	-1	-20


1_2_3	8	lnCPL_APAP_mcgL	0.5	9.9184	10.042
1_2_3	8	lnCPL_APAP_mcgL	1	9.8934	9.93491
1_2_3	8	lnCPL_APAP_mcgL	1.5	9.8092	9.80235
1_2_3	8	lnCPL_APAP_mcgL	2	9.6486	9.66735
1_2_3	8	lnCPL_APAP_mcgL	3	9.3147	9.39477
1_2_3	8	lnCPL_APAP_mcgL	4	9.0131	9.11917
1_2_3	8	lnCPL_APAP_mcgL	5	8.7323	8.8411
1_2_3	8	lnCPL_APAP_mcgL	6	8.4949	8.56109
1_2_3	8	lnCPL_APAP_mcgL	7	8.1719	8.27958
1_2_3	8	lnCPL_APAP_mcgL	8	8.0678	7.99692

1_2_3	8	lnCPL_AG_mcgL	0.5	8.8496	8.75578
1_2_3	8	lnCPL_AG_mcgL	1	9.6346	9.53689
1_2_3	8	lnCPL_AG_mcgL	1.5	9.9605	9.84619
1_2_3	8	lnCPL_AG_mcgL	2	10.0689	9.99276
1_2_3	8	lnCPL_AG_mcgL	3	10.0689	10.0833
1_2_3	8	lnCPL_AG_mcgL	4	9.9585	10.0467
1_2_3	8	lnCPL_AG_mcgL	5	9.8012	9.94375
1_2_3	8	lnCPL_AG_mcgL	6	9.6501	9.79939
1_2_3	8	lnCPL_AG_mcgL	7	9.4602	9.62666
1_2_3	8	lnCPL_AG_mcgL	8	9.3075	9.43328

1_2_3	8	lnCPL_AS_mcgL	0.5	8.5855	8.38906
1_2_3	8	lnCPL_AS_mcgL	1	8.9833	8.77228
1_2_3	8	lnCPL_AS_mcgL	1.5	9.1311	8.91605
1_2_3	8	lnCPL_AS_mcgL	2	9.1195	8.97444
1_2_3	8	lnCPL_AS_mcgL	3	8.9737	8.96778
1_2_3	8	lnCPL_AS_mcgL	4	8.8098	8.87054
1_2_3	8	lnCPL_AS_mcgL	5	8.6137	8.72077
1_2_3	8	lnCPL_AS_mcgL	6	8.4609	8.53675
1_2_3	8	lnCPL_AS_mcgL	7	8.253	8.32881
1_2_3	8	lnCPL_AS_mcgL	8	8.0158	8.1034

1_2_3	8	lnCU_APAP_mcg	0	-1	-20

1_2_3	8	lnCU_AG_mcg	0	-1	-20

1_2_3	8	lnCU_AS_mcg	0	-1	-20


1_2_4	9	lnCPL_APAP_mcgL	0.167	8.35	8.56194
1_2_4	9	lnCPL_APAP_mcgL	0.333	8.7451	8.6825
1_2_4	9	lnCPL_APAP_mcgL	0.5	8.8069	8.66702
1_2_4	9	lnCPL_APAP_mcgL	0.75	8.8763	8.60658
1_2_4	9	lnCPL_APAP_mcgL	1	8.7903	8.53831
1_2_4	9	lnCPL_APAP_mcgL	1.5	8.6673	8.40163
1_2_4	9	lnCPL_APAP_mcgL	2	8.6161	8.26665
1_2_4	9	lnCPL_APAP_mcgL	3	8.304	7.99758
1_2_4	9	lnCPL_APAP_mcgL	4	8.074	7.72814
1_2_4	9	lnCPL_APAP_mcgL	6	7.3963	7.18799
1_2_4	9	lnCPL_APAP_mcgL	8	6.8522	6.64672
1_2_4	9	lnCPL_APAP_mcgL	10	-1	6.10481
1_2_4	9	lnCPL_APAP_mcgL	12	-1	5.56254

1_2_4	9	lnCPL_AG_mcgL	0.167	5.8435	5.67032
1_2_4	9	lnCPL_AG_mcgL	0.333	7.1066	6.90116
1_2_4	9	lnCPL_AG_mcgL	0.5	7.6009	7.47172
1_2_4	9	lnCPL_AG_mcgL	0.75	8.1519	7.93348
1_2_4	9	lnCPL_AG_mcgL	1	8.4163	8.19251
1_2_4	9	lnCPL_AG_mcgL	1.5	8.499	8.45398
1_2_4	9	lnCPL_AG_mcgL	2	8.5487	8.56139
1_2_4	9	lnCPL_AG_mcgL	3	8.7355	8.58859
1_2_4	9	lnCPL_AG_mcgL	4	8.6179	8.50022
1_2_4	9	lnCPL_AG_mcgL	6	8.2079	8.17012
1_2_4	9	lnCPL_AG_mcgL	8	7.7142	7.74116
1_2_4	9	lnCPL_AG_mcgL	10	7.384	7.26386
1_2_4	9	lnCPL_AG_mcgL	12	-1	6.76014

1_2_4	9	lnCPL_AS_mcgL	0	-1	-20

1_2_4	9	lnCU_APAP_mcg	2	8.8039	8.94696
1_2_4	9	lnCU_APAP_mcg	4	9.3501	9.43465
1_2_4	9	lnCU_APAP_mcg	6	9.3673	9.63766
1_2_4	9	lnCU_APAP_mcg	8	9.9085	9.73931
1_2_4	9	lnCU_APAP_mcg	12	10.1346	9.82451
1_2_4	9	lnCU_APAP_mcg	24	10.1226	9.86381

1_2_4	9	lnCU_AG_mcg	2	11.4285	11.2262
1_2_4	9	lnCU_AG_mcg	4	12.1007	12.2092
1_2_4	9	lnCU_AG_mcg	6	12.3673	12.6168
1_2_4	9	lnCU_AG_mcg	8	12.4799	12.8224
1_2_4	9	lnCU_AG_mcg	12	12.6115	12.9967
1_2_4	9	lnCU_AG_mcg	24	12.6281	13.0782

1_2_4	9	lnCU_AS_mcg	0	-1	-20


1_2_5	10	lnCPL_APAP_mcgL	0.25	9.6989	9.69609
1_2_5	10	lnCPL_APAP_mcgL	0.5	9.7585	9.69639
1_2_5	10	lnCPL_APAP_mcgL	0.75	9.6486	9.6047
1_2_5	10	lnCPL_APAP_mcgL	1	9.5324	9.51652
1_2_5	10	lnCPL_APAP_mcgL	2	9.2686	9.19641
1_2_5	10	lnCPL_APAP_mcgL	3	9.0372	8.88156
1_2_5	10	lnCPL_APAP_mcgL	4	8.8291	8.56435
1_2_5	10	lnCPL_APAP_mcgL	6	8.4617	7.9246

1_2_5	10	lnCPL_AG_mcgL	0.25	7.2842	7.50485
1_2_5	10	lnCPL_AG_mcgL	0.5	9.1686	8.6237
1_2_5	10	lnCPL_AG_mcgL	0.75	9.4551	9.11282
1_2_5	10	lnCPL_AG_mcgL	1	9.6247	9.3884
1_2_5	10	lnCPL_AG_mcgL	2	9.9808	9.80876
1_2_5	10	lnCPL_AG_mcgL	3	9.9091	9.87929
1_2_5	10	lnCPL_AG_mcgL	4	9.7584	9.82665
1_2_5	10	lnCPL_AG_mcgL	6	9.3016	9.54938

1_2_5	10	lnCPL_AS_mcgL	0.25	7.5479	7.67116
1_2_5	10	lnCPL_AS_mcgL	0.5	8.4928	8.19971
1_2_5	10	lnCPL_AS_mcgL	0.75	8.5595	8.40625
1_2_5	10	lnCPL_AS_mcgL	1	8.5595	8.51031
1_2_5	10	lnCPL_AS_mcgL	2	8.5884	8.61781
1_2_5	10	lnCPL_AS_mcgL	3	8.4446	8.53945
1_2_5	10	lnCPL_AS_mcgL	4	8.261	8.37698
1_2_5	10	lnCPL_AS_mcgL	6	7.7043	7.92316

1_2_5	10	lnCU_APAP_mcg	0	-1	-20

1_2_5	10	lnCU_AG_mcg	0	-1	-20

1_2_5	10	lnCU_AS_mcg	0	-1	-20


