Level	Simulation	Output_Var	Time	Data	Prediction
1_1_1	1	lnCPL_APAP_mcgL	0.5	11.1496	11.2713
1_1_1	1	lnCPL_APAP_mcgL	0.75	11.357	11.3366
1_1_1	1	lnCPL_APAP_mcgL	1	11.1583	11.346
1_1_1	1	lnCPL_APAP_mcgL	1.5	10.9794	11.2956
1_1_1	1	lnCPL_APAP_mcgL	2	10.9794	11.2079
1_1_1	1	lnCPL_APAP_mcgL	3	10.8735	11
1_1_1	1	lnCPL_APAP_mcgL	4	10.6532	10.7803
1_1_1	1	lnCPL_APAP_mcgL	6	10.1775	10.3303
1_1_1	1	lnCPL_APAP_mcgL	8	9.6145	9.8727
1_1_1	1	lnCPL_APAP_mcgL	10	-1	9.41014

1_1_1	1	lnCPL_AG_mcgL	0.5	9.3288	9.68084
1_1_1	1	lnCPL_AG_mcgL	0.75	10.1109	10.275
1_1_1	1	lnCPL_AG_mcgL	1	10.5093	10.6408
1_1_1	1	lnCPL_AG_mcgL	1.5	11.0057	11.0666
1_1_1	1	lnCPL_AG_mcgL	2	11.2879	11.2954
1_1_1	1	lnCPL_AG_mcgL	3	11.5434	11.4959
1_1_1	1	lnCPL_AG_mcgL	4	11.5929	11.536
1_1_1	1	lnCPL_AG_mcgL	6	11.4362	11.409
1_1_1	1	lnCPL_AG_mcgL	8	11.0941	11.1483
1_1_1	1	lnCPL_AG_mcgL	10	10.7324	10.8185
1_1_1	1	lnCPL_AG_mcgL	12	10.3191	10.447

1_1_1	1	lnCPL_AS_mcgL	0.5	8.6702	8.72374
1_1_1	1	lnCPL_AS_mcgL	0.75	9.1882	9.07683
1_1_1	1	lnCPL_AS_mcgL	1	9.3634	9.30668
1_1_1	1	lnCPL_AS_mcgL	1.5	9.577	9.59256
1_1_1	1	lnCPL_AS_mcgL	2	9.7297	9.76094
1_1_1	1	lnCPL_AS_mcgL	3	9.8477	9.93101
1_1_1	1	lnCPL_AS_mcgL	4	9.9619	9.98387
1_1_1	1	lnCPL_AS_mcgL	6	9.8872	9.91131
1_1_1	1	lnCPL_AS_mcgL	8	9.689	9.70655
1_1_1	1	lnCPL_AS_mcgL	10	9.4287	9.42494
1_1_1	1	lnCPL_AS_mcgL	12	9.0757	9.09343

1_1_1	1	lnCU_APAP_mcg	0	-1	-20

1_1_1	1	lnCU_AG_mcg	0	-1	-20

1_1_1	1	lnCU_AS_mcg	0	-1	-20


1_1_2	2	lnCPL_APAP_mcgL	0.25	9.6486	10.1002
1_1_2	2	lnCPL_APAP_mcgL	0.5	9.8363	10.0435
1_1_2	2	lnCPL_APAP_mcgL	0.75	9.8416	9.9356
1_1_2	2	lnCPL_APAP_mcgL	1	9.7981	9.84286
1_1_2	2	lnCPL_APAP_mcgL	1.5	9.655	9.67819
1_1_2	2	lnCPL_APAP_mcgL	2	9.5178	9.52009
1_1_2	2	lnCPL_APAP_mcgL	3	9.2203	9.20482
1_1_2	2	lnCPL_APAP_mcgL	4	8.9187	8.88844
1_1_2	2	lnCPL_APAP_mcgL	6	8.294	8.25304
1_1_2	2	lnCPL_APAP_mcgL	8	7.836	7.61553

1_1_2	2	lnCPL_AG_mcgL	0.25	8.0722	7.93866
1_1_2	2	lnCPL_AG_mcgL	0.5	8.9804	9.0045
1_1_2	2	lnCPL_AG_mcgL	0.75	9.5047	9.46581
1_1_2	2	lnCPL_AG_mcgL	1	9.806	9.72506
1_1_2	2	lnCPL_AG_mcgL	1.5	10.1138	9.99549
1_1_2	2	lnCPL_AG_mcgL	2	10.2139	10.1176
1_1_2	2	lnCPL_AG_mcgL	3	10.1567	10.1764
1_1_2	2	lnCPL_AG_mcgL	4	10.0871	10.1163
1_1_2	2	lnCPL_AG_mcgL	6	9.6304	9.82969
1_1_2	2	lnCPL_AG_mcgL	8	9.2425	9.4279

1_1_2	2	lnCPL_AS_mcgL	0.25	8.1743	8.30868
1_1_2	2	lnCPL_AS_mcgL	0.5	8.8166	8.77842
1_1_2	2	lnCPL_AS_mcgL	0.75	9.0136	8.94663
1_1_2	2	lnCPL_AS_mcgL	1	9.1653	9.02768
1_1_2	2	lnCPL_AS_mcgL	1.5	9.1427	9.09206
1_1_2	2	lnCPL_AS_mcgL	2	9.0802	9.09251
1_1_2	2	lnCPL_AS_mcgL	3	8.9097	8.99261
1_1_2	2	lnCPL_AS_mcgL	4	8.8052	8.81579
1_1_2	2	lnCPL_AS_mcgL	6	8.394	8.34467
1_1_2	2	lnCPL_AS_mcgL	8	7.9587	7.79349

1_1_2	2	lnCU_APAP_mcg	0.6	8.6878	8.97158
1_1_2	2	lnCU_APAP_mcg	1.6	9.7585	9.90211
1_1_2	2	lnCU_APAP_mcg	2.6	10.1999	10.2649
1_1_2	2	lnCU_APAP_mcg	3.6	10.44	10.4654
1_1_2	2	lnCU_APAP_mcg	4.6	10.5739	10.5897
1_1_2	2	lnCU_APAP_mcg	5.6	10.669	10.6713
1_1_2	2	lnCU_APAP_mcg	6.5	10.7277	10.7222
1_1_2	2	lnCU_APAP_mcg	7.5	10.7893	10.7621
1_1_2	2	lnCU_APAP_mcg	8.5	10.8198	10.7901
1_1_2	2	lnCU_APAP_mcg	9.6	10.8532	10.8117
1_1_2	2	lnCU_APAP_mcg	10.5	10.8799	10.8242
1_1_2	2	lnCU_APAP_mcg	11.5	10.9041	10.8344

1_1_2	2	lnCU_AG_mcg	0.6	10.7199	9.965
1_1_2	2	lnCU_AG_mcg	1.6	12.3436	12.0519
1_1_2	2	lnCU_AG_mcg	2.6	12.9835	12.8635
1_1_2	2	lnCU_AG_mcg	3.6	13.3256	13.3229
1_1_2	2	lnCU_AG_mcg	4.6	13.5523	13.6194
1_1_2	2	lnCU_AG_mcg	5.6	13.7181	13.8232
1_1_2	2	lnCU_AG_mcg	6.5	13.8157	13.9559
1_1_2	2	lnCU_AG_mcg	7.5	13.8928	14.0649
1_1_2	2	lnCU_AG_mcg	8.5	13.9512	14.1453
1_1_2	2	lnCU_AG_mcg	9.6	14.0045	14.2101
1_1_2	2	lnCU_AG_mcg	10.5	14.038	14.2498
1_1_2	2	lnCU_AG_mcg	11.5	14.0671	14.2834

1_1_2	2	lnCU_AS_mcg	0.6	10.5596	10.1101
1_1_2	2	lnCU_AS_mcg	1.6	11.7824	11.5806
1_1_2	2	lnCU_AS_mcg	2.6	12.2527	12.1756
1_1_2	2	lnCU_AS_mcg	3.6	12.5145	12.5145
1_1_2	2	lnCU_AS_mcg	4.6	12.6987	12.7296
1_1_2	2	lnCU_AS_mcg	5.6	12.8421	12.8736
1_1_2	2	lnCU_AS_mcg	6.5	12.9312	12.9644
1_1_2	2	lnCU_AS_mcg	7.5	13.0026	13.0365
1_1_2	2	lnCU_AS_mcg	8.5	13.0563	13.0876
1_1_2	2	lnCU_AS_mcg	9.6	13.1042	13.1273
1_1_2	2	lnCU_AS_mcg	10.5	13.1349	13.1505
1_1_2	2	lnCU_AS_mcg	11.5	13.1646	13.1695


1_1_3	3	lnCPL_APAP_mcgL	0.5	9.2797	9.48158
1_1_3	3	lnCPL_APAP_mcgL	1	9.4681	9.44802
1_1_3	3	lnCPL_APAP_mcgL	1.5	9.2923	9.31198
1_1_3	3	lnCPL_APAP_mcgL	2	9.0719	9.15077
1_1_3	3	lnCPL_APAP_mcgL	3	8.7246	8.81061
1_1_3	3	lnCPL_APAP_mcgL	4	8.3994	8.46566
1_1_3	3	lnCPL_APAP_mcgL	5	8.1881	8.11967
1_1_3	3	lnCPL_APAP_mcgL	6	7.892	7.77318
1_1_3	3	lnCPL_APAP_mcgL	8	7.3309	7.07928
1_1_3	3	lnCPL_APAP_mcgL	10	-1	6.38469
1_1_3	3	lnCPL_APAP_mcgL	12	-1	5.68975

1_1_3	3	lnCPL_AG_mcgL	0.5	8.3935	8.43405
1_1_3	3	lnCPL_AG_mcgL	1	9.3632	9.33529
1_1_3	3	lnCPL_AG_mcgL	1.5	9.8072	9.6901
1_1_3	3	lnCPL_AG_mcgL	2	9.982	9.85336
1_1_3	3	lnCPL_AG_mcgL	3	10.0493	9.94288
1_1_3	3	lnCPL_AG_mcgL	4	9.926	9.88892
1_1_3	3	lnCPL_AG_mcgL	5	9.7817	9.76318
1_1_3	3	lnCPL_AG_mcgL	6	9.552	9.59363
1_1_3	3	lnCPL_AG_mcgL	8	9.1014	9.1734
1_1_3	3	lnCPL_AG_mcgL	10	8.6473	8.68591
1_1_3	3	lnCPL_AG_mcgL	12	-1	8.15626

1_1_3	3	lnCPL_AS_mcgL	0.5	8.317	8.32574
1_1_3	3	lnCPL_AS_mcgL	1	8.7968	8.74058
1_1_3	3	lnCPL_AS_mcgL	1.5	8.9727	8.87034
1_1_3	3	lnCPL_AS_mcgL	2	8.887	8.90266
1_1_3	3	lnCPL_AS_mcgL	3	8.7968	8.83707
1_1_3	3	lnCPL_AS_mcgL	4	8.539	8.6808
1_1_3	3	lnCPL_AS_mcgL	5	8.4138	8.47297
1_1_3	3	lnCPL_AS_mcgL	6	8.1712	8.23168
1_1_3	3	lnCPL_AS_mcgL	8	7.6798	7.68552
1_1_3	3	lnCPL_AS_mcgL	10	7.2098	7.08687
1_1_3	3	lnCPL_AS_mcgL	12	-1	6.45659

1_1_3	3	lnCU_APAP_mcg	0	-1	-20

1_1_3	3	lnCU_AG_mcg	0	-1	-20

1_1_3	3	lnCU_AS_mcg	0	-1	-20


1_1_4	4	lnCPL_APAP_mcgL	0.0732	7.0984	7.77307
1_1_4	4	lnCPL_APAP_mcgL	0.115	8.1017	8.25963
1_1_4	4	lnCPL_APAP_mcgL	0.151	8.6587	8.49671
1_1_4	4	lnCPL_APAP_mcgL	0.181	9.0009	8.63036
1_1_4	4	lnCPL_APAP_mcgL	0.227	9.278	8.77012
1_1_4	4	lnCPL_APAP_mcgL	0.321	9.2686	8.9269
1_1_4	4	lnCPL_APAP_mcgL	0.423	9.2399	9.00599
1_1_4	4	lnCPL_APAP_mcgL	0.486	9.1952	9.03164
1_1_4	4	lnCPL_APAP_mcgL	0.636	9.0312	9.05501
1_1_4	4	lnCPL_APAP_mcgL	0.817	8.9746	9.04369
1_1_4	4	lnCPL_APAP_mcgL	1	8.9052	9.00811
1_1_4	4	lnCPL_APAP_mcgL	1.25	8.7842	8.93722
1_1_4	4	lnCPL_APAP_mcgL	1.5	8.6759	8.85137
1_1_4	4	lnCPL_APAP_mcgL	2	8.5331	8.6573
1_1_4	4	lnCPL_APAP_mcgL	3	8.1691	8.23765
1_1_4	4	lnCPL_APAP_mcgL	4	7.779	7.80831
1_1_4	4	lnCPL_APAP_mcgL	5	7.4616	7.37736
1_1_4	4	lnCPL_APAP_mcgL	6	7.1778	6.94604

1_1_4	4	lnCPL_AG_mcgL	0	-1	-20

1_1_4	4	lnCPL_AS_mcgL	0	-1	-20

1_1_4	4	lnCU_APAP_mcg	0	-1	-20

1_1_4	4	lnCU_AG_mcg	0	-1	-20

1_1_4	4	lnCU_AS_mcg	0	-1	-20


1_1_5	5	lnCPL_APAP_mcgL	0.5	7.5756	7.77648
1_1_5	5	lnCPL_APAP_mcgL	1	7.8973	7.85537
1_1_5	5	lnCPL_APAP_mcgL	1.5	8.0359	7.78518
1_1_5	5	lnCPL_APAP_mcgL	2	7.9409	7.66822
1_1_5	5	lnCPL_APAP_mcgL	2.5	7.7536	7.53326
1_1_5	5	lnCPL_APAP_mcgL	3	7.5909	7.39095
1_1_5	5	lnCPL_APAP_mcgL	4	7.3395	7.09884
1_1_5	5	lnCPL_APAP_mcgL	6	6.6758	6.50863
1_1_5	5	lnCPL_APAP_mcgL	8	6.1654	5.91746
1_1_5	5	lnCPL_APAP_mcgL	10	-1	5.32611

1_1_5	5	lnCPL_AG_mcgL	0.5	5.7038	6.36553
1_1_5	5	lnCPL_AG_mcgL	1	7.6639	7.3682
1_1_5	5	lnCPL_AG_mcgL	1.5	8.149	7.79141
1_1_5	5	lnCPL_AG_mcgL	2	8.3687	8.00786
1_1_5	5	lnCPL_AG_mcgL	2.5	8.468	8.12336
1_1_5	5	lnCPL_AG_mcgL	3	8.5192	8.1809
1_1_5	5	lnCPL_AG_mcgL	4	8.4338	8.1962
1_1_5	5	lnCPL_AG_mcgL	6	8.052	8.0246
1_1_5	5	lnCPL_AG_mcgL	8	7.5549	7.72112
1_1_5	5	lnCPL_AG_mcgL	10	7.1624	7.34776

1_1_5	5	lnCPL_AS_mcgL	0.5	6.5539	6.67987
1_1_5	5	lnCPL_AS_mcgL	1	7.3524	7.19847
1_1_5	5	lnCPL_AS_mcgL	1.5	7.7098	7.39616
1_1_5	5	lnCPL_AS_mcgL	2	7.7579	7.47928
1_1_5	5	lnCPL_AS_mcgL	2.5	7.7007	7.50379
1_1_5	5	lnCPL_AS_mcgL	3	7.5909	7.49238
1_1_5	5	lnCPL_AS_mcgL	4	7.4384	7.40264
1_1_5	5	lnCPL_AS_mcgL	6	6.9177	7.07526
1_1_5	5	lnCPL_AS_mcgL	8	6.4489	6.6455
1_1_5	5	lnCPL_AS_mcgL	10	6.1841	6.16092

1_1_5	5	lnCU_APAP_mcg	0	-1	-20

1_1_5	5	lnCU_AG_mcg	0	-1	-20

1_1_5	5	lnCU_AS_mcg	0	-1	-20


1_2_1	6	lnCPL_APAP_mcgL	0.5	9.9942	9.95929
1_2_1	6	lnCPL_APAP_mcgL	1	9.8147	9.92279
1_2_1	6	lnCPL_APAP_mcgL	1.5	9.6291	9.80687
1_2_1	6	lnCPL_APAP_mcgL	2	9.488	9.67472
1_2_1	6	lnCPL_APAP_mcgL	3	9.2496	9.40018
1_2_1	6	lnCPL_APAP_mcgL	4	8.9708	9.12212
1_2_1	6	lnCPL_APAP_mcgL	5	8.6604	8.84238
1_2_1	6	lnCPL_APAP_mcgL	6	8.3825	8.56143
1_2_1	6	lnCPL_APAP_mcgL	7	8.197	8.27957
1_2_1	6	lnCPL_APAP_mcgL	8	7.9374	7.99701
1_2_1	6	lnCPL_APAP_mcgL	9	-1	7.71392
1_2_1	6	lnCPL_APAP_mcgL	10	-1	7.43044
1_2_1	6	lnCPL_APAP_mcgL	11	-1	7.14666
1_2_1	6	lnCPL_APAP_mcgL	12	-1	6.86265

1_2_1	6	lnCPL_AG_mcgL	0.5	8.3168	8.47248
1_2_1	6	lnCPL_AG_mcgL	1	9.4047	9.33904
1_2_1	6	lnCPL_AG_mcgL	1.5	9.6884	9.67195
1_2_1	6	lnCPL_AG_mcgL	2	9.8343	9.82027
1_2_1	6	lnCPL_AG_mcgL	3	9.8896	9.89095
1_2_1	6	lnCPL_AG_mcgL	4	9.8319	9.82561
1_2_1	6	lnCPL_AG_mcgL	5	9.6924	9.69275
1_2_1	6	lnCPL_AG_mcgL	6	9.5144	9.51927
1_2_1	6	lnCPL_AG_mcgL	7	9.2735	9.3188
1_2_1	6	lnCPL_AG_mcgL	8	9.0257	9.09934
1_2_1	6	lnCPL_AG_mcgL	9	8.8558	8.86595
1_2_1	6	lnCPL_AG_mcgL	10	8.7345	8.62207
1_2_1	6	lnCPL_AG_mcgL	11	-1	8.37011

1_2_1	6	lnCPL_AS_mcgL	0.5	8.4314	8.44992
1_2_1	6	lnCPL_AS_mcgL	1	8.9362	8.84656
1_2_1	6	lnCPL_AS_mcgL	1.5	9.0191	8.96918
1_2_1	6	lnCPL_AS_mcgL	2	8.9872	8.99933
1_2_1	6	lnCPL_AS_mcgL	3	8.9158	8.93762
1_2_1	6	lnCPL_AS_mcgL	4	8.7388	8.79258
1_2_1	6	lnCPL_AS_mcgL	5	8.5682	8.60189
1_2_1	6	lnCPL_AS_mcgL	6	8.3765	8.38297
1_2_1	6	lnCPL_AS_mcgL	7	8.204	8.14539
1_2_1	6	lnCPL_AS_mcgL	8	7.964	7.89501
1_2_1	6	lnCPL_AS_mcgL	9	7.7515	7.63558
1_2_1	6	lnCPL_AS_mcgL	10	7.5234	7.36961
1_2_1	6	lnCPL_AS_mcgL	11	-1	7.09887

1_2_1	6	lnCU_APAP_mcg	24	11.0144	11.33

1_2_1	6	lnCU_AG_mcg	24	14.0271	14.3175

1_2_1	6	lnCU_AS_mcg	24	13.2422	13.2705


1_2_2	7	lnCPL_APAP_mcgL	0.25	8.3405	8.59936
1_2_2	7	lnCPL_APAP_mcgL	0.5	8.0456	8.99581
1_2_2	7	lnCPL_APAP_mcgL	1	8.5271	9.2605
1_2_2	7	lnCPL_APAP_mcgL	1.5	9.0607	9.32126
1_2_2	7	lnCPL_APAP_mcgL	2	9.0927	9.29665
1_2_2	7	lnCPL_APAP_mcgL	3	9.0466	9.12919
1_2_2	7	lnCPL_APAP_mcgL	4	8.8393	8.88934
1_2_2	7	lnCPL_APAP_mcgL	6	8.2188	8.33253
1_2_2	7	lnCPL_APAP_mcgL	8	7.5704	7.74341
1_2_2	7	lnCPL_APAP_mcgL	10	-1	7.14624
1_2_2	7	lnCPL_APAP_mcgL	12	-1	6.54687

1_2_2	7	lnCPL_AG_mcgL	0.25	6.2383	6.03481
1_2_2	7	lnCPL_AG_mcgL	0.5	6.9276	7.40663
1_2_2	7	lnCPL_AG_mcgL	1	8.1831	8.52112
1_2_2	7	lnCPL_AG_mcgL	1.5	8.7749	9.03752
1_2_2	7	lnCPL_AG_mcgL	2	9.1485	9.32636
1_2_2	7	lnCPL_AG_mcgL	3	9.5819	9.59406
1_2_2	7	lnCPL_AG_mcgL	4	9.705	9.65897
1_2_2	7	lnCPL_AG_mcgL	6	9.5956	9.51741
1_2_2	7	lnCPL_AG_mcgL	8	9.1788	9.20192
1_2_2	7	lnCPL_AG_mcgL	10	8.6945	8.79885
1_2_2	7	lnCPL_AG_mcgL	12	-1	8.34404

1_2_2	7	lnCPL_AS_mcgL	0.25	6.2383	6.30297
1_2_2	7	lnCPL_AS_mcgL	0.5	6.5482	7.11265
1_2_2	7	lnCPL_AS_mcgL	1	7.6917	7.7773
1_2_2	7	lnCPL_AS_mcgL	1.5	8.1577	8.0847
1_2_2	7	lnCPL_AS_mcgL	2	8.3939	8.2495
1_2_2	7	lnCPL_AS_mcgL	3	8.5773	8.37252
1_2_2	7	lnCPL_AS_mcgL	4	8.5679	8.35112
1_2_2	7	lnCPL_AS_mcgL	6	8.2242	8.10034
1_2_2	7	lnCPL_AS_mcgL	8	7.7187	7.709
1_2_2	7	lnCPL_AS_mcgL	10	7.2226	7.24478
1_2_2	7	lnCPL_AS_mcgL	12	-1	6.73756

1_2_2	7	lnCU_APAP_mcg	0	-1	-20

1_2_2	7	lnCU_AG_mcg	0	-1	-20

1_2_2	7	lnCU_AS_mcg	0	-1	-20


1_2_3	8	lnCPL_APAP_mcgL	0.5	9.9184	10.0696
1_2_3	8	lnCPL_APAP_mcgL	1	9.8934	9.87301
1_2_3	8	lnCPL_APAP_mcgL	1.5	9.8092	9.71477
1_2_3	8	lnCPL_APAP_mcgL	2	9.6486	9.56286
1_2_3	8	lnCPL_APAP_mcgL	3	9.3147	9.25889
1_2_3	8	lnCPL_APAP_mcgL	4	9.0131	8.95268
1_2_3	8	lnCPL_APAP_mcgL	5	8.7323	8.64466
1_2_3	8	lnCPL_APAP_mcgL	6	8.4949	8.33529
1_2_3	8	lnCPL_APAP_mcgL	7	8.1719	8.02492
1_2_3	8	lnCPL_APAP_mcgL	8	8.0678	7.71383

1_2_3	8	lnCPL_AG_mcgL	0.5	8.8496	8.93625
1_2_3	8	lnCPL_AG_mcgL	1	9.6346	9.64651
1_2_3	8	lnCPL_AG_mcgL	1.5	9.9605	9.90245
1_2_3	8	lnCPL_AG_mcgL	2	10.0689	10.0098
1_2_3	8	lnCPL_AG_mcgL	3	10.0689	10.0395
1_2_3	8	lnCPL_AG_mcgL	4	9.9585	9.95145
1_2_3	8	lnCPL_AG_mcgL	5	9.8012	9.80119
1_2_3	8	lnCPL_AG_mcgL	6	9.6501	9.61205
1_2_3	8	lnCPL_AG_mcgL	7	9.4602	9.39636
1_2_3	8	lnCPL_AG_mcgL	8	9.3075	9.16147

1_2_3	8	lnCPL_AS_mcgL	0.5	8.5855	8.70552
1_2_3	8	lnCPL_AS_mcgL	1	8.9833	8.99669
1_2_3	8	lnCPL_AS_mcgL	1.5	9.1311	9.08711
1_2_3	8	lnCPL_AS_mcgL	2	9.1195	9.10705
1_2_3	8	lnCPL_AS_mcgL	3	8.9737	9.03666
1_2_3	8	lnCPL_AS_mcgL	4	8.8098	8.8829
1_2_3	8	lnCPL_AS_mcgL	5	8.6137	8.6809
1_2_3	8	lnCPL_AS_mcgL	6	8.4609	8.44797
1_2_3	8	lnCPL_AS_mcgL	7	8.253	8.19395
1_2_3	8	lnCPL_AS_mcgL	8	8.0158	7.92498

1_2_3	8	lnCU_APAP_mcg	0	-1	-20

1_2_3	8	lnCU_AG_mcg	0	-1	-20

1_2_3	8	lnCU_AS_mcg	0	-1	-20


1_2_4	9	lnCPL_APAP_mcgL	0.167	8.35	8.88637
1_2_4	9	lnCPL_APAP_mcgL	0.333	8.7451	8.87323
1_2_4	9	lnCPL_APAP_mcgL	0.5	8.8069	8.76594
1_2_4	9	lnCPL_APAP_mcgL	0.75	8.8763	8.65993
1_2_4	9	lnCPL_APAP_mcgL	1	8.7903	8.58924
1_2_4	9	lnCPL_APAP_mcgL	1.5	8.6673	8.47197
1_2_4	9	lnCPL_APAP_mcgL	2	8.6161	8.35963
1_2_4	9	lnCPL_APAP_mcgL	3	8.304	8.13579
1_2_4	9	lnCPL_APAP_mcgL	4	8.074	7.91181
1_2_4	9	lnCPL_APAP_mcgL	6	7.3963	7.46332
1_2_4	9	lnCPL_APAP_mcgL	8	6.8522	7.01431
1_2_4	9	lnCPL_APAP_mcgL	10	-1	6.56496
1_2_4	9	lnCPL_APAP_mcgL	12	-1	6.11541

1_2_4	9	lnCPL_AG_mcgL	0.167	5.8435	5.88232
1_2_4	9	lnCPL_AG_mcgL	0.333	7.1066	7.06979
1_2_4	9	lnCPL_AG_mcgL	0.5	7.6009	7.58326
1_2_4	9	lnCPL_AG_mcgL	0.75	8.1519	7.98099
1_2_4	9	lnCPL_AG_mcgL	1	8.4163	8.20086
1_2_4	9	lnCPL_AG_mcgL	1.5	8.499	8.42645
1_2_4	9	lnCPL_AG_mcgL	2	8.5487	8.52411
1_2_4	9	lnCPL_AG_mcgL	3	8.7355	8.55833
1_2_4	9	lnCPL_AG_mcgL	4	8.6179	8.4897
1_2_4	9	lnCPL_AG_mcgL	6	8.2079	8.21416
1_2_4	9	lnCPL_AG_mcgL	8	7.7142	7.85122
1_2_4	9	lnCPL_AG_mcgL	10	7.384	7.44759
1_2_4	9	lnCPL_AG_mcgL	12	-1	7.0231

1_2_4	9	lnCPL_AS_mcgL	0	-1	-20

1_2_4	9	lnCU_APAP_mcg	2	8.8039	8.88012
1_2_4	9	lnCU_APAP_mcg	4	9.3501	9.37694
1_2_4	9	lnCU_APAP_mcg	6	9.3673	9.60019
1_2_4	9	lnCU_APAP_mcg	8	9.9085	9.7204
1_2_4	9	lnCU_APAP_mcg	12	10.1346	9.8323
1_2_4	9	lnCU_APAP_mcg	24	10.1226	9.89782

1_2_4	9	lnCU_AG_mcg	2	11.4285	11.2351
1_2_4	9	lnCU_AG_mcg	4	12.1007	12.1991
1_2_4	9	lnCU_AG_mcg	6	12.3673	12.6171
1_2_4	9	lnCU_AG_mcg	8	12.4799	12.8382
1_2_4	9	lnCU_AG_mcg	12	12.6115	13.0406
1_2_4	9	lnCU_AG_mcg	24	12.6281	13.1569

1_2_4	9	lnCU_AS_mcg	0	-1	-20


1_2_5	10	lnCPL_APAP_mcgL	0.25	9.6989	9.73014
1_2_5	10	lnCPL_APAP_mcgL	0.5	9.7585	9.69662
1_2_5	10	lnCPL_APAP_mcgL	0.75	9.6486	9.58821
1_2_5	10	lnCPL_APAP_mcgL	1	9.5324	9.4939
1_2_5	10	lnCPL_APAP_mcgL	2	9.2686	9.16749
1_2_5	10	lnCPL_APAP_mcgL	3	9.0372	8.84859
1_2_5	10	lnCPL_APAP_mcgL	4	8.8291	8.52813
1_2_5	10	lnCPL_APAP_mcgL	6	8.4617	7.88366

1_2_5	10	lnCPL_AG_mcgL	0.25	7.2842	7.57239
1_2_5	10	lnCPL_AG_mcgL	0.5	9.1686	8.67154
1_2_5	10	lnCPL_AG_mcgL	0.75	9.4551	9.14167
1_2_5	10	lnCPL_AG_mcgL	1	9.6247	9.40258
1_2_5	10	lnCPL_AG_mcgL	2	9.9808	9.78844
1_2_5	10	lnCPL_AG_mcgL	3	9.9091	9.83824
1_2_5	10	lnCPL_AG_mcgL	4	9.7584	9.76924
1_2_5	10	lnCPL_AG_mcgL	6	9.3016	9.46498

1_2_5	10	lnCPL_AS_mcgL	0.25	7.5479	7.85174
1_2_5	10	lnCPL_AS_mcgL	0.5	8.4928	8.32965
1_2_5	10	lnCPL_AS_mcgL	0.75	8.5595	8.48851
1_2_5	10	lnCPL_AS_mcgL	1	8.5595	8.55499
1_2_5	10	lnCPL_AS_mcgL	2	8.5884	8.56207
1_2_5	10	lnCPL_AS_mcgL	3	8.4446	8.41453
1_2_5	10	lnCPL_AS_mcgL	4	8.261	8.19814
1_2_5	10	lnCPL_AS_mcgL	6	7.7043	7.66585

1_2_5	10	lnCU_APAP_mcg	0	-1	-20

1_2_5	10	lnCU_AG_mcg	0	-1	-20

1_2_5	10	lnCU_AS_mcg	0	-1	-20


