Level	Simulation	Output_Var	Time	Data	Prediction
1_1_1	1	lnCPL_APAP_mcgL	0.5	11.1496	11.2239
1_1_1	1	lnCPL_APAP_mcgL	0.75	11.357	11.2872
1_1_1	1	lnCPL_APAP_mcgL	1	11.1583	11.296
1_1_1	1	lnCPL_APAP_mcgL	1.5	10.9794	11.2408
1_1_1	1	lnCPL_APAP_mcgL	2	10.9794	11.1431
1_1_1	1	lnCPL_APAP_mcgL	3	10.8735	10.9055
1_1_1	1	lnCPL_APAP_mcgL	4	10.6532	10.65
1_1_1	1	lnCPL_APAP_mcgL	6	10.1775	10.1218
1_1_1	1	lnCPL_APAP_mcgL	8	9.6145	9.5819
1_1_1	1	lnCPL_APAP_mcgL	10	-1	9.03516

1_1_1	1	lnCPL_AG_mcgL	0.5	9.3288	9.59302
1_1_1	1	lnCPL_AG_mcgL	0.75	10.1109	10.1922
1_1_1	1	lnCPL_AG_mcgL	1	10.5093	10.5737
1_1_1	1	lnCPL_AG_mcgL	1.5	11.0057	11.0344
1_1_1	1	lnCPL_AG_mcgL	2	11.2879	11.2928
1_1_1	1	lnCPL_AG_mcgL	3	11.5434	11.5322
1_1_1	1	lnCPL_AG_mcgL	4	11.5929	11.5898
1_1_1	1	lnCPL_AG_mcgL	6	11.4362	11.4598
1_1_1	1	lnCPL_AG_mcgL	8	11.0941	11.1694
1_1_1	1	lnCPL_AG_mcgL	10	10.7324	10.7953
1_1_1	1	lnCPL_AG_mcgL	12	10.3191	10.3703

1_1_1	1	lnCPL_AS_mcgL	0.5	8.6702	8.66601
1_1_1	1	lnCPL_AS_mcgL	0.75	9.1882	9.03837
1_1_1	1	lnCPL_AS_mcgL	1	9.3634	9.27398
1_1_1	1	lnCPL_AS_mcgL	1.5	9.577	9.56055
1_1_1	1	lnCPL_AS_mcgL	2	9.7297	9.72535
1_1_1	1	lnCPL_AS_mcgL	3	9.8477	9.88486
1_1_1	1	lnCPL_AS_mcgL	4	9.9619	9.92584
1_1_1	1	lnCPL_AS_mcgL	6	9.8872	9.82957
1_1_1	1	lnCPL_AS_mcgL	8	9.689	9.60357
1_1_1	1	lnCPL_AS_mcgL	10	9.4287	9.30367
1_1_1	1	lnCPL_AS_mcgL	12	9.0757	8.95623

1_1_1	1	lnCU_APAP_mcg	0	-1	-20

1_1_1	1	lnCU_AG_mcg	0	-1	-20

1_1_1	1	lnCU_AS_mcg	0	-1	-20


1_1_2	2	lnCPL_APAP_mcgL	0.25	9.6486	9.97792
1_1_2	2	lnCPL_APAP_mcgL	0.5	9.8363	9.99455
1_1_2	2	lnCPL_APAP_mcgL	0.75	9.8416	9.94057
1_1_2	2	lnCPL_APAP_mcgL	1	9.7981	9.87103
1_1_2	2	lnCPL_APAP_mcgL	1.5	9.655	9.72124
1_1_2	2	lnCPL_APAP_mcgL	2	9.5178	9.5685
1_1_2	2	lnCPL_APAP_mcgL	3	9.2203	9.2606
1_1_2	2	lnCPL_APAP_mcgL	4	8.9187	8.95036
1_1_2	2	lnCPL_APAP_mcgL	6	8.294	8.325
1_1_2	2	lnCPL_APAP_mcgL	8	7.836	7.69571

1_1_2	2	lnCPL_AG_mcgL	0.25	8.0722	8.16252
1_1_2	2	lnCPL_AG_mcgL	0.5	8.9804	9.08561
1_1_2	2	lnCPL_AG_mcgL	0.75	9.5047	9.48963
1_1_2	2	lnCPL_AG_mcgL	1	9.806	9.71073
1_1_2	2	lnCPL_AG_mcgL	1.5	10.1138	9.92885
1_1_2	2	lnCPL_AG_mcgL	2	10.2139	10.0179
1_1_2	2	lnCPL_AG_mcgL	3	10.1567	10.039
1_1_2	2	lnCPL_AG_mcgL	4	10.0871	9.9559
1_1_2	2	lnCPL_AG_mcgL	6	9.6304	9.63515
1_1_2	2	lnCPL_AG_mcgL	8	9.2425	9.20397

1_1_2	2	lnCPL_AS_mcgL	0.25	8.1743	8.30454
1_1_2	2	lnCPL_AS_mcgL	0.5	8.8166	8.80126
1_1_2	2	lnCPL_AS_mcgL	0.75	9.0136	8.99758
1_1_2	2	lnCPL_AS_mcgL	1	9.1653	9.09302
1_1_2	2	lnCPL_AS_mcgL	1.5	9.1427	9.16301
1_1_2	2	lnCPL_AS_mcgL	2	9.0802	9.15932
1_1_2	2	lnCPL_AS_mcgL	3	8.9097	9.04844
1_1_2	2	lnCPL_AS_mcgL	4	8.8052	8.86236
1_1_2	2	lnCPL_AS_mcgL	6	8.394	8.37824
1_1_2	2	lnCPL_AS_mcgL	8	7.9587	7.81981

1_1_2	2	lnCU_APAP_mcg	0.6	8.6878	8.89019
1_1_2	2	lnCU_APAP_mcg	1.6	9.7585	9.87228
1_1_2	2	lnCU_APAP_mcg	2.6	10.1999	10.2527
1_1_2	2	lnCU_APAP_mcg	3.6	10.44	10.4618
1_1_2	2	lnCU_APAP_mcg	4.6	10.5739	10.5913
1_1_2	2	lnCU_APAP_mcg	5.6	10.669	10.6765
1_1_2	2	lnCU_APAP_mcg	6.5	10.7277	10.7296
1_1_2	2	lnCU_APAP_mcg	7.5	10.7893	10.7714
1_1_2	2	lnCU_APAP_mcg	8.5	10.8198	10.8008
1_1_2	2	lnCU_APAP_mcg	9.6	10.8532	10.8235
1_1_2	2	lnCU_APAP_mcg	10.5	10.8799	10.8368
1_1_2	2	lnCU_APAP_mcg	11.5	10.9041	10.8475

1_1_2	2	lnCU_AG_mcg	0.6	10.7199	10.2157
1_1_2	2	lnCU_AG_mcg	1.6	12.3436	12.1684
1_1_2	2	lnCU_AG_mcg	2.6	12.9835	12.9277
1_1_2	2	lnCU_AG_mcg	3.6	13.3256	13.3585
1_1_2	2	lnCU_AG_mcg	4.6	13.5523	13.6366
1_1_2	2	lnCU_AG_mcg	5.6	13.7181	13.8273
1_1_2	2	lnCU_AG_mcg	6.5	13.8157	13.951
1_1_2	2	lnCU_AG_mcg	7.5	13.8928	14.052
1_1_2	2	lnCU_AG_mcg	8.5	13.9512	14.1259
1_1_2	2	lnCU_AG_mcg	9.6	14.0045	14.1851
1_1_2	2	lnCU_AG_mcg	10.5	14.038	14.2209
1_1_2	2	lnCU_AG_mcg	11.5	14.0671	14.251

1_1_2	2	lnCU_AS_mcg	0.6	10.5596	10.1758
1_1_2	2	lnCU_AS_mcg	1.6	11.7824	11.6898
1_1_2	2	lnCU_AS_mcg	2.6	12.2527	12.2913
1_1_2	2	lnCU_AS_mcg	3.6	12.5145	12.6294
1_1_2	2	lnCU_AS_mcg	4.6	12.6987	12.8425
1_1_2	2	lnCU_AS_mcg	5.6	12.8421	12.9843
1_1_2	2	lnCU_AS_mcg	6.5	12.9312	13.0735
1_1_2	2	lnCU_AS_mcg	7.5	13.0026	13.1441
1_1_2	2	lnCU_AS_mcg	8.5	13.0563	13.1941
1_1_2	2	lnCU_AS_mcg	9.6	13.1042	13.2328
1_1_2	2	lnCU_AS_mcg	10.5	13.1349	13.2555
1_1_2	2	lnCU_AS_mcg	11.5	13.1646	13.274


1_1_3	3	lnCPL_APAP_mcgL	0.5	9.2797	9.38884
1_1_3	3	lnCPL_APAP_mcgL	1	9.4681	9.42001
1_1_3	3	lnCPL_APAP_mcgL	1.5	9.2923	9.32518
1_1_3	3	lnCPL_APAP_mcgL	2	9.0719	9.18677
1_1_3	3	lnCPL_APAP_mcgL	3	8.7246	8.86673
1_1_3	3	lnCPL_APAP_mcgL	4	8.3994	8.53035
1_1_3	3	lnCPL_APAP_mcgL	5	8.1881	8.19022
1_1_3	3	lnCPL_APAP_mcgL	6	7.892	7.84892
1_1_3	3	lnCPL_APAP_mcgL	8	7.3309	7.16494
1_1_3	3	lnCPL_APAP_mcgL	10	-1	6.48002
1_1_3	3	lnCPL_APAP_mcgL	12	-1	5.79464

1_1_3	3	lnCPL_AG_mcgL	0.5	8.3935	8.53088
1_1_3	3	lnCPL_AG_mcgL	1	9.3632	9.33528
1_1_3	3	lnCPL_AG_mcgL	1.5	9.8072	9.66095
1_1_3	3	lnCPL_AG_mcgL	2	9.982	9.81358
1_1_3	3	lnCPL_AG_mcgL	3	10.0493	9.9003
1_1_3	3	lnCPL_AG_mcgL	4	9.926	9.85146
1_1_3	3	lnCPL_AG_mcgL	5	9.7817	9.73313
1_1_3	3	lnCPL_AG_mcgL	6	9.552	9.57178
1_1_3	3	lnCPL_AG_mcgL	8	9.1014	9.16865
1_1_3	3	lnCPL_AG_mcgL	10	8.6473	8.69834
1_1_3	3	lnCPL_AG_mcgL	12	-1	8.18572

1_1_3	3	lnCPL_AS_mcgL	0.5	8.317	8.25738
1_1_3	3	lnCPL_AS_mcgL	1	8.7968	8.69808
1_1_3	3	lnCPL_AS_mcgL	1.5	8.9727	8.85598
1_1_3	3	lnCPL_AS_mcgL	2	8.887	8.90647
1_1_3	3	lnCPL_AS_mcgL	3	8.7968	8.85986
1_1_3	3	lnCPL_AS_mcgL	4	8.539	8.71283
1_1_3	3	lnCPL_AS_mcgL	5	8.4138	8.51069
1_1_3	3	lnCPL_AS_mcgL	6	8.1712	8.27354
1_1_3	3	lnCPL_AS_mcgL	8	7.6798	7.7338
1_1_3	3	lnCPL_AS_mcgL	10	7.2098	7.14085
1_1_3	3	lnCPL_AS_mcgL	12	-1	6.51635

1_1_3	3	lnCU_APAP_mcg	0	-1	-20

1_1_3	3	lnCU_AG_mcg	0	-1	-20

1_1_3	3	lnCU_AS_mcg	0	-1	-20


1_1_4	4	lnCPL_APAP_mcgL	0.0732	7.0984	7.71535
1_1_4	4	lnCPL_APAP_mcgL	0.115	8.1017	8.19849
1_1_4	4	lnCPL_APAP_mcgL	0.151	8.6587	8.43414
1_1_4	4	lnCPL_APAP_mcgL	0.181	9.0009	8.56728
1_1_4	4	lnCPL_APAP_mcgL	0.227	9.278	8.70717
1_1_4	4	lnCPL_APAP_mcgL	0.321	9.2686	8.86685
1_1_4	4	lnCPL_APAP_mcgL	0.423	9.2399	8.95139
1_1_4	4	lnCPL_APAP_mcgL	0.486	9.1952	8.98086
1_1_4	4	lnCPL_APAP_mcgL	0.636	9.0312	9.01321
1_1_4	4	lnCPL_APAP_mcgL	0.817	8.9746	9.01114
1_1_4	4	lnCPL_APAP_mcgL	1	8.9052	8.98279
1_1_4	4	lnCPL_APAP_mcgL	1.25	8.7842	8.91869
1_1_4	4	lnCPL_APAP_mcgL	1.5	8.6759	8.83671
1_1_4	4	lnCPL_APAP_mcgL	2	8.5331	8.64395
1_1_4	4	lnCPL_APAP_mcgL	3	8.1691	8.21254
1_1_4	4	lnCPL_APAP_mcgL	4	7.779	7.76339
1_1_4	4	lnCPL_APAP_mcgL	5	7.4616	7.30983
1_1_4	4	lnCPL_APAP_mcgL	6	7.1778	6.85471

1_1_4	4	lnCPL_AG_mcgL	0	-1	-20

1_1_4	4	lnCPL_AS_mcgL	0	-1	-20

1_1_4	4	lnCU_APAP_mcg	0	-1	-20

1_1_4	4	lnCU_AG_mcg	0	-1	-20

1_1_4	4	lnCU_AS_mcg	0	-1	-20


1_1_5	5	lnCPL_APAP_mcgL	0.5	7.5756	7.61345
1_1_5	5	lnCPL_APAP_mcgL	1	7.8973	7.72055
1_1_5	5	lnCPL_APAP_mcgL	1.5	8.0359	7.66705
1_1_5	5	lnCPL_APAP_mcgL	2	7.9409	7.55199
1_1_5	5	lnCPL_APAP_mcgL	2.5	7.7536	7.40829
1_1_5	5	lnCPL_APAP_mcgL	3	7.5909	7.25026
1_1_5	5	lnCPL_APAP_mcgL	4	7.3395	6.91534
1_1_5	5	lnCPL_APAP_mcgL	6	6.6758	6.22419
1_1_5	5	lnCPL_APAP_mcgL	8	6.1654	5.52833
1_1_5	5	lnCPL_APAP_mcgL	10	-1	4.83192

1_1_5	5	lnCPL_AG_mcgL	0.5	5.7038	6.09308
1_1_5	5	lnCPL_AG_mcgL	1	7.6639	7.16373
1_1_5	5	lnCPL_AG_mcgL	1.5	8.149	7.66141
1_1_5	5	lnCPL_AG_mcgL	2	8.3687	7.93605
1_1_5	5	lnCPL_AG_mcgL	2.5	8.468	8.09344
1_1_5	5	lnCPL_AG_mcgL	3	8.5192	8.17967
1_1_5	5	lnCPL_AG_mcgL	4	8.4338	8.22475
1_1_5	5	lnCPL_AG_mcgL	6	8.052	8.05456
1_1_5	5	lnCPL_AG_mcgL	8	7.5549	7.72034
1_1_5	5	lnCPL_AG_mcgL	10	7.1624	7.30366

1_1_5	5	lnCPL_AS_mcgL	0.5	6.5539	6.67118
1_1_5	5	lnCPL_AS_mcgL	1	7.3524	7.21088
1_1_5	5	lnCPL_AS_mcgL	1.5	7.7098	7.42624
1_1_5	5	lnCPL_AS_mcgL	2	7.7579	7.5177
1_1_5	5	lnCPL_AS_mcgL	2.5	7.7007	7.5436
1_1_5	5	lnCPL_AS_mcgL	3	7.5909	7.52888
1_1_5	5	lnCPL_AS_mcgL	4	7.4384	7.42386
1_1_5	5	lnCPL_AS_mcgL	6	6.9177	7.04861
1_1_5	5	lnCPL_AS_mcgL	8	6.4489	6.55971
1_1_5	5	lnCPL_AS_mcgL	10	6.1841	6.00931

1_1_5	5	lnCU_APAP_mcg	0	-1	-20

1_1_5	5	lnCU_AG_mcg	0	-1	-20

1_1_5	5	lnCU_AS_mcg	0	-1	-20


1_2_1	6	lnCPL_APAP_mcgL	0.5	9.9942	9.925
1_2_1	6	lnCPL_APAP_mcgL	1	9.8147	9.89963
1_2_1	6	lnCPL_APAP_mcgL	1.5	9.6291	9.78508
1_2_1	6	lnCPL_APAP_mcgL	2	9.488	9.64982
1_2_1	6	lnCPL_APAP_mcgL	3	9.2496	9.36486
1_2_1	6	lnCPL_APAP_mcgL	4	8.9708	9.07492
1_2_1	6	lnCPL_APAP_mcgL	5	8.6604	8.78288
1_2_1	6	lnCPL_APAP_mcgL	6	8.3825	8.4894
1_2_1	6	lnCPL_APAP_mcgL	7	8.197	8.19486
1_2_1	6	lnCPL_APAP_mcgL	8	7.9374	7.89952
1_2_1	6	lnCPL_APAP_mcgL	9	-1	7.60359
1_2_1	6	lnCPL_APAP_mcgL	10	-1	7.30721
1_2_1	6	lnCPL_APAP_mcgL	11	-1	7.01051
1_2_1	6	lnCPL_APAP_mcgL	12	-1	6.71356

1_2_1	6	lnCPL_AG_mcgL	0.5	8.3168	8.46873
1_2_1	6	lnCPL_AG_mcgL	1	9.4047	9.34509
1_2_1	6	lnCPL_AG_mcgL	1.5	9.6884	9.68409
1_2_1	6	lnCPL_AG_mcgL	2	9.8343	9.83157
1_2_1	6	lnCPL_AG_mcgL	3	9.8896	9.88684
1_2_1	6	lnCPL_AG_mcgL	4	9.8319	9.79766
1_2_1	6	lnCPL_AG_mcgL	5	9.6924	9.63838
1_2_1	6	lnCPL_AG_mcgL	6	9.5144	9.43815
1_2_1	6	lnCPL_AG_mcgL	7	9.2735	9.21144
1_2_1	6	lnCPL_AG_mcgL	8	9.0257	8.96658
1_2_1	6	lnCPL_AG_mcgL	9	8.8558	8.70879
1_2_1	6	lnCPL_AG_mcgL	10	8.7345	8.44154
1_2_1	6	lnCPL_AG_mcgL	11	-1	8.16725

1_2_1	6	lnCPL_AS_mcgL	0.5	8.4314	8.36388
1_2_1	6	lnCPL_AS_mcgL	1	8.9362	8.79618
1_2_1	6	lnCPL_AS_mcgL	1.5	9.0191	8.94037
1_2_1	6	lnCPL_AS_mcgL	2	8.9872	8.98538
1_2_1	6	lnCPL_AS_mcgL	3	8.9158	8.9435
1_2_1	6	lnCPL_AS_mcgL	4	8.7388	8.81089
1_2_1	6	lnCPL_AS_mcgL	5	8.5682	8.62776
1_2_1	6	lnCPL_AS_mcgL	6	8.3765	8.41262
1_2_1	6	lnCPL_AS_mcgL	7	8.204	8.17581
1_2_1	6	lnCPL_AS_mcgL	8	7.964	7.92367
1_2_1	6	lnCPL_AS_mcgL	9	7.7515	7.66039
1_2_1	6	lnCPL_AS_mcgL	10	7.5234	7.38888
1_2_1	6	lnCPL_AS_mcgL	11	-1	7.11118

1_2_1	6	lnCU_APAP_mcg	24	11.0144	10.9538

1_2_1	6	lnCU_AG_mcg	24	14.0271	14.3963

1_2_1	6	lnCU_AS_mcg	24	13.2422	13.1787


1_2_2	7	lnCPL_APAP_mcgL	0.25	8.3405	8.62076
1_2_2	7	lnCPL_APAP_mcgL	0.5	8.0456	8.95789
1_2_2	7	lnCPL_APAP_mcgL	1	8.5271	9.19328
1_2_2	7	lnCPL_APAP_mcgL	1.5	9.0607	9.23793
1_2_2	7	lnCPL_APAP_mcgL	2	9.0927	9.20002
1_2_2	7	lnCPL_APAP_mcgL	3	9.0466	9.0079
1_2_2	7	lnCPL_APAP_mcgL	4	8.8393	8.74323
1_2_2	7	lnCPL_APAP_mcgL	6	8.2188	8.13452
1_2_2	7	lnCPL_APAP_mcgL	8	7.5704	7.49143
1_2_2	7	lnCPL_APAP_mcgL	10	-1	6.83942
1_2_2	7	lnCPL_APAP_mcgL	12	-1	6.18493

1_2_2	7	lnCPL_AG_mcgL	0.25	6.2383	5.73496
1_2_2	7	lnCPL_AG_mcgL	0.5	6.9276	7.09049
1_2_2	7	lnCPL_AG_mcgL	1	8.1831	8.271
1_2_2	7	lnCPL_AG_mcgL	1.5	8.7749	8.861
1_2_2	7	lnCPL_AG_mcgL	2	9.1485	9.21334
1_2_2	7	lnCPL_AG_mcgL	3	9.5819	9.57533
1_2_2	7	lnCPL_AG_mcgL	4	9.705	9.69834
1_2_2	7	lnCPL_AG_mcgL	6	9.5956	9.59602
1_2_2	7	lnCPL_AG_mcgL	8	9.1788	9.2539
1_2_2	7	lnCPL_AG_mcgL	10	8.6945	8.78761
1_2_2	7	lnCPL_AG_mcgL	12	-1	8.25084

1_2_2	7	lnCPL_AS_mcgL	0.25	6.2383	6.1284
1_2_2	7	lnCPL_AS_mcgL	0.5	6.5482	7.02721
1_2_2	7	lnCPL_AS_mcgL	1	7.6917	7.73515
1_2_2	7	lnCPL_AS_mcgL	1.5	8.1577	8.06484
1_2_2	7	lnCPL_AS_mcgL	2	8.3939	8.24746
1_2_2	7	lnCPL_AS_mcgL	3	8.5773	8.40176
1_2_2	7	lnCPL_AS_mcgL	4	8.5679	8.40904
1_2_2	7	lnCPL_AS_mcgL	6	8.2242	8.21079
1_2_2	7	lnCPL_AS_mcgL	8	7.7187	7.8664
1_2_2	7	lnCPL_AS_mcgL	10	7.2226	7.44369
1_2_2	7	lnCPL_AS_mcgL	12	-1	6.97262

1_2_2	7	lnCU_APAP_mcg	0	-1	-20

1_2_2	7	lnCU_AG_mcg	0	-1	-20

1_2_2	7	lnCU_AS_mcg	0	-1	-20


1_2_3	8	lnCPL_APAP_mcgL	0.5	9.9184	9.9128
1_2_3	8	lnCPL_APAP_mcgL	1	9.8934	9.87497
1_2_3	8	lnCPL_APAP_mcgL	1.5	9.8092	9.74849
1_2_3	8	lnCPL_APAP_mcgL	2	9.6486	9.60351
1_2_3	8	lnCPL_APAP_mcgL	3	9.3147	9.30171
1_2_3	8	lnCPL_APAP_mcgL	4	9.0131	8.99625
1_2_3	8	lnCPL_APAP_mcgL	5	8.7323	8.68933
1_2_3	8	lnCPL_APAP_mcgL	6	8.4949	8.38146
1_2_3	8	lnCPL_APAP_mcgL	7	8.1719	8.07289
1_2_3	8	lnCPL_APAP_mcgL	8	8.0678	7.76381

1_2_3	8	lnCPL_AG_mcgL	0.5	8.8496	9.13325
1_2_3	8	lnCPL_AG_mcgL	1	9.6346	9.75091
1_2_3	8	lnCPL_AG_mcgL	1.5	9.9605	9.94477
1_2_3	8	lnCPL_AG_mcgL	2	10.0689	10.015
1_2_3	8	lnCPL_AG_mcgL	3	10.0689	10.0069
1_2_3	8	lnCPL_AG_mcgL	4	9.9585	9.90021
1_2_3	8	lnCPL_AG_mcgL	5	9.8012	9.73862
1_2_3	8	lnCPL_AG_mcgL	6	9.6501	9.54174
1_2_3	8	lnCPL_AG_mcgL	7	9.4602	9.32041
1_2_3	8	lnCPL_AG_mcgL	8	9.3075	9.08128

1_2_3	8	lnCPL_AS_mcgL	0.5	8.5855	8.53192
1_2_3	8	lnCPL_AS_mcgL	1	8.9833	8.94407
1_2_3	8	lnCPL_AS_mcgL	1.5	9.1311	9.06263
1_2_3	8	lnCPL_AS_mcgL	2	9.1195	9.08527
1_2_3	8	lnCPL_AS_mcgL	3	8.9737	9.00572
1_2_3	8	lnCPL_AS_mcgL	4	8.8098	8.84089
1_2_3	8	lnCPL_AS_mcgL	5	8.6137	8.62898
1_2_3	8	lnCPL_AS_mcgL	6	8.4609	8.38769
1_2_3	8	lnCPL_AS_mcgL	7	8.253	8.12688
1_2_3	8	lnCPL_AS_mcgL	8	8.0158	7.85258

1_2_3	8	lnCU_APAP_mcg	0	-1	-20

1_2_3	8	lnCU_AG_mcg	0	-1	-20

1_2_3	8	lnCU_AS_mcg	0	-1	-20


1_2_4	9	lnCPL_APAP_mcgL	0.167	8.35	8.64227
1_2_4	9	lnCPL_APAP_mcgL	0.333	8.7451	8.78081
1_2_4	9	lnCPL_APAP_mcgL	0.5	8.8069	8.74939
1_2_4	9	lnCPL_APAP_mcgL	0.75	8.8763	8.6783
1_2_4	9	lnCPL_APAP_mcgL	1	8.7903	8.61311
1_2_4	9	lnCPL_APAP_mcgL	1.5	8.6673	8.49623
1_2_4	9	lnCPL_APAP_mcgL	2	8.6161	8.38476
1_2_4	9	lnCPL_APAP_mcgL	3	8.304	8.16361
1_2_4	9	lnCPL_APAP_mcgL	4	8.074	7.94239
1_2_4	9	lnCPL_APAP_mcgL	6	7.3963	7.4993
1_2_4	9	lnCPL_APAP_mcgL	8	6.8522	7.05561
1_2_4	9	lnCPL_APAP_mcgL	10	-1	6.61153
1_2_4	9	lnCPL_APAP_mcgL	12	-1	6.1672

1_2_4	9	lnCPL_AG_mcgL	0.167	5.8435	6.02924
1_2_4	9	lnCPL_AG_mcgL	0.333	7.1066	7.19392
1_2_4	9	lnCPL_AG_mcgL	0.5	7.6009	7.67052
1_2_4	9	lnCPL_AG_mcgL	0.75	8.1519	8.01287
1_2_4	9	lnCPL_AG_mcgL	1	8.4163	8.19057
1_2_4	9	lnCPL_AG_mcgL	1.5	8.499	8.37489
1_2_4	9	lnCPL_AG_mcgL	2	8.5487	8.46707
1_2_4	9	lnCPL_AG_mcgL	3	8.7355	8.52928
1_2_4	9	lnCPL_AG_mcgL	4	8.6179	8.50259
1_2_4	9	lnCPL_AG_mcgL	6	8.2079	8.31309
1_2_4	9	lnCPL_AG_mcgL	8	7.7142	8.02681
1_2_4	9	lnCPL_AG_mcgL	10	7.384	7.68787
1_2_4	9	lnCPL_AG_mcgL	12	-1	7.31676

1_2_4	9	lnCPL_AS_mcgL	0	-1	-20

1_2_4	9	lnCU_APAP_mcg	2	8.8039	8.88742
1_2_4	9	lnCU_APAP_mcg	4	9.3501	9.40548
1_2_4	9	lnCU_APAP_mcg	6	9.3673	9.63636
1_2_4	9	lnCU_APAP_mcg	8	9.9085	9.76064
1_2_4	9	lnCU_APAP_mcg	12	10.1346	9.87669
1_2_4	9	lnCU_APAP_mcg	24	10.1226	9.94545

1_2_4	9	lnCU_AG_mcg	2	11.4285	10.8548
1_2_4	9	lnCU_AG_mcg	4	12.1007	11.8129
1_2_4	9	lnCU_AG_mcg	6	12.3673	12.2583
1_2_4	9	lnCU_AG_mcg	8	12.4799	12.507
1_2_4	9	lnCU_AG_mcg	12	12.6115	12.749
1_2_4	9	lnCU_AG_mcg	24	12.6281	12.9014

1_2_4	9	lnCU_AS_mcg	0	-1	-20


1_2_5	10	lnCPL_APAP_mcgL	0.25	9.6989	9.71694
1_2_5	10	lnCPL_APAP_mcgL	0.5	9.7585	9.6922
1_2_5	10	lnCPL_APAP_mcgL	0.75	9.6486	9.59781
1_2_5	10	lnCPL_APAP_mcgL	1	9.5324	9.50963
1_2_5	10	lnCPL_APAP_mcgL	2	9.2686	9.19128
1_2_5	10	lnCPL_APAP_mcgL	3	9.0372	8.87897
1_2_5	10	lnCPL_APAP_mcgL	4	8.8291	8.56508
1_2_5	10	lnCPL_APAP_mcgL	6	8.4617	7.93366

1_2_5	10	lnCPL_AG_mcgL	0.25	7.2842	7.67593
1_2_5	10	lnCPL_AG_mcgL	0.5	9.1686	8.7305
1_2_5	10	lnCPL_AG_mcgL	0.75	9.4551	9.17751
1_2_5	10	lnCPL_AG_mcgL	1	9.6247	9.42163
1_2_5	10	lnCPL_AG_mcgL	2	9.9808	9.76888
1_2_5	10	lnCPL_AG_mcgL	3	9.9091	9.80388
1_2_5	10	lnCPL_AG_mcgL	4	9.7584	9.72854
1_2_5	10	lnCPL_AG_mcgL	6	9.3016	9.41947

1_2_5	10	lnCPL_AS_mcgL	0.25	7.5479	7.80548
1_2_5	10	lnCPL_AS_mcgL	0.5	8.4928	8.3279
1_2_5	10	lnCPL_AS_mcgL	0.75	8.5595	8.50913
1_2_5	10	lnCPL_AS_mcgL	1	8.5595	8.58939
1_2_5	10	lnCPL_AS_mcgL	2	8.5884	8.62402
1_2_5	10	lnCPL_AS_mcgL	3	8.4446	8.49354
1_2_5	10	lnCPL_AS_mcgL	4	8.261	8.29071
1_2_5	10	lnCPL_AS_mcgL	6	7.7043	7.77987

1_2_5	10	lnCU_APAP_mcg	0	-1	-20

1_2_5	10	lnCU_AG_mcg	0	-1	-20

1_2_5	10	lnCU_AS_mcg	0	-1	-20


