This file contains any messages produced by compilers while
running configure, to aid debugging if configure makes a mistake.

It was created by mcsim configure 6.0.1, which was
generated by GNU Autoconf 2.69.  Invocation command line was

  $ ./configure --prefix=/home/ubuntu

## --------- ##
## Platform. ##
## --------- ##

hostname = nanhung-mcpk-5177527
uname -m = x86_64
uname -r = 4.9.80-c9
uname -s = Linux
uname -v = #1 SMP Wed Feb 7 08:47:46 UTC 2018

/usr/bin/uname -p = unknown
/bin/uname -X     = unknown

/bin/arch              = unknown
/usr/bin/arch -k       = unknown
/usr/convex/getsysinfo = unknown
/usr/bin/hostinfo      = unknown
/bin/machine           = unknown
/usr/bin/oslevel       = unknown
/bin/universe          = unknown

PATH: /home/ubuntu/.nvm/versions/node/v4.6.1/bin
PATH: /home/ubuntu/bin
PATH: /usr/local/rvm/gems/ruby-2.3.0/bin
PATH: /usr/local/rvm/gems/ruby-2.3.0@global/bin
PATH: /usr/local/rvm/rubies/ruby-2.3.0/bin
PATH: /home/ubuntu/bin
PATH: /mnt/shared/bin
PATH: /home/ubuntu/workspace/node_modules/.bin
PATH: /home/ubuntu/bin
PATH: /usr/local/sbin
PATH: /usr/local/bin
PATH: /usr/sbin
PATH: /usr/bin
PATH: /sbin
PATH: /bin
PATH: /mnt/shared/sbin
PATH: /opt/gitl
PATH: /opt/go/bin
PATH: /mnt/shared/c9/app.nw/bin
PATH: /usr/local/rvm/bin


## ----------- ##
## Core tests. ##
## ----------- ##

configure:2276: checking for a BSD-compatible install
configure:2344: result: /usr/bin/install -c
configure:2355: checking whether build environment is sane
configure:2410: result: yes
configure:2561: checking for a thread-safe mkdir -p
configure:2600: result: /bin/mkdir -p
configure:2607: checking for gawk
configure:2623: found /usr/bin/gawk
configure:2634: result: gawk
configure:2645: checking whether make sets $(MAKE)
configure:2667: result: yes
configure:2696: checking whether make supports nested variables
configure:2713: result: yes
configure:2851: checking for style of include used by make
configure:2879: result: GNU
configure:2950: checking for gcc
configure:2966: found /usr/bin/gcc
configure:2977: result: gcc
configure:3206: checking for C compiler version
configure:3215: gcc --version >&5
gcc (Ubuntu 4.8.4-2ubuntu1~14.04.3) 4.8.4
Copyright (C) 2013 Free Software Foundation, Inc.
This is free software; see the source for copying conditions.  There is NO
warranty; not even for MERCHANTABILITY or FITNESS FOR A PARTICULAR PURPOSE.

configure:3226: $? = 0
configure:3215: gcc -v >&5
Using built-in specs.
COLLECT_GCC=gcc
COLLECT_LTO_WRAPPER=/usr/lib/gcc/x86_64-linux-gnu/4.8/lto-wrapper
Target: x86_64-linux-gnu
Configured with: ../src/configure -v --with-pkgversion='Ubuntu 4.8.4-2ubuntu1~14.04.3' --with-bugurl=file:///usr/share/doc/gcc-4.8/README.Bugs --enable-languages=c,c++,java,go,d,fortran,objc,obj-c++ --prefix=/usr --program-suffix=-4.8 --enable-shared --enable-linker-build-id --libexecdir=/usr/lib --without-included-gettext --enable-threads=posix --with-gxx-include-dir=/usr/include/c++/4.8 --libdir=/usr/lib --enable-nls --with-sysroot=/ --enable-clocale=gnu --enable-libstdcxx-debug --enable-libstdcxx-time=yes --enable-gnu-unique-object --disable-libmudflap --enable-plugin --with-system-zlib --disable-browser-plugin --enable-java-awt=gtk --enable-gtk-cairo --with-java-home=/usr/lib/jvm/java-1.5.0-gcj-4.8-amd64/jre --enable-java-home --with-jvm-root-dir=/usr/lib/jvm/java-1.5.0-gcj-4.8-amd64 --with-jvm-jar-dir=/usr/lib/jvm-exports/java-1.5.0-gcj-4.8-amd64 --with-arch-directory=amd64 --with-ecj-jar=/usr/share/java/eclipse-ecj.jar --enable-objc-gc --enable-multiarch --disable-werror --with-arch-32=i686 --with-abi=m64 --with-multilib-list=m32,m64,mx32 --with-tune=generic --enable-checking=release --build=x86_64-linux-gnu --host=x86_64-linux-gnu --target=x86_64-linux-gnu
Thread model: posix
gcc version 4.8.4 (Ubuntu 4.8.4-2ubuntu1~14.04.3) 
configure:3226: $? = 0
configure:3215: gcc -V >&5
gcc: error: unrecognized command line option '-V'
gcc: fatal error: no input files
compilation terminated.
configure:3226: $? = 4
configure:3215: gcc -qversion >&5
gcc: error: unrecognized command line option '-qversion'
gcc: fatal error: no input files
compilation terminated.
configure:3226: $? = 4
configure:3246: checking whether the C compiler works
configure:3268: gcc    conftest.c  >&5
configure:3272: $? = 0
configure:3320: result: yes
configure:3323: checking for C compiler default output file name
configure:3325: result: a.out
configure:3331: checking for suffix of executables
configure:3338: gcc -o conftest    conftest.c  >&5
configure:3342: $? = 0
configure:3364: result: 
configure:3386: checking whether we are cross compiling
configure:3394: gcc -o conftest    conftest.c  >&5
configure:3398: $? = 0
configure:3405: ./conftest
configure:3409: $? = 0
configure:3424: result: no
configure:3429: checking for suffix of object files
configure:3451: gcc -c   conftest.c >&5
configure:3455: $? = 0
configure:3476: result: o
configure:3480: checking whether we are using the GNU C compiler
configure:3499: gcc -c   conftest.c >&5
configure:3499: $? = 0
configure:3508: result: yes
configure:3517: checking whether gcc accepts -g
configure:3537: gcc -c -g  conftest.c >&5
configure:3537: $? = 0
configure:3578: result: yes
configure:3595: checking for gcc option to accept ISO C89
configure:3658: gcc  -c -g -O2  conftest.c >&5
configure:3658: $? = 0
configure:3671: result: none needed
configure:3696: checking whether gcc understands -c and -o together
configure:3718: gcc -c conftest.c -o conftest2.o
configure:3721: $? = 0
configure:3718: gcc -c conftest.c -o conftest2.o
configure:3721: $? = 0
configure:3733: result: yes
configure:3752: checking dependency style of gcc
configure:3863: result: gcc3
configure:3928: checking for ar
configure:3944: found /usr/bin/ar
configure:3955: result: ar
configure:3981: checking the archiver (ar) interface
configure:3997: gcc -c -g -O2  conftest.c >&5
configure:3997: $? = 0
configure:3999: ar cru libconftest.a conftest.o >&5
configure:4002: $? = 0
configure:4030: result: ar
configure:4079: checking build system type
configure:4093: result: x86_64-pc-linux-gnu
configure:4113: checking host system type
configure:4126: result: x86_64-pc-linux-gnu
configure:4167: checking how to print strings
configure:4194: result: printf
configure:4215: checking for a sed that does not truncate output
configure:4279: result: /bin/sed
configure:4297: checking for grep that handles long lines and -e
configure:4355: result: /bin/grep
configure:4360: checking for egrep
configure:4422: result: /bin/grep -E
configure:4427: checking for fgrep
configure:4489: result: /bin/grep -F
configure:4524: checking for ld used by gcc
configure:4591: result: /usr/bin/ld
configure:4598: checking if the linker (/usr/bin/ld) is GNU ld
configure:4613: result: yes
configure:4625: checking for BSD- or MS-compatible name lister (nm)
configure:4679: result: /usr/bin/nm -B
configure:4809: checking the name lister (/usr/bin/nm -B) interface
configure:4816: gcc -c -g -O2  conftest.c >&5
configure:4819: /usr/bin/nm -B "conftest.o"
configure:4822: output
0000000000000000 B some_variable
configure:4829: result: BSD nm
configure:4832: checking whether ln -s works
configure:4836: result: yes
configure:4844: checking the maximum length of command line arguments
configure:4975: result: 1572864
configure:5023: checking how to convert x86_64-pc-linux-gnu file names to x86_64-pc-linux-gnu format
configure:5063: result: func_convert_file_noop
configure:5070: checking how to convert x86_64-pc-linux-gnu file names to toolchain format
configure:5090: result: func_convert_file_noop
configure:5097: checking for /usr/bin/ld option to reload object files
configure:5104: result: -r
configure:5178: checking for objdump
configure:5194: found /usr/bin/objdump
configure:5205: result: objdump
configure:5237: checking how to recognize dependent libraries
configure:5437: result: pass_all
configure:5522: checking for dlltool
configure:5552: result: no
configure:5582: checking how to associate runtime and link libraries
configure:5609: result: printf %s\n
configure:5733: checking for archiver @FILE support
configure:5750: gcc -c -g -O2  conftest.c >&5
configure:5750: $? = 0
configure:5753: ar cru libconftest.a @conftest.lst >&5
configure:5756: $? = 0
configure:5761: ar cru libconftest.a @conftest.lst >&5
ar: conftest.o: No such file or directory
configure:5764: $? = 1
configure:5776: result: @
configure:5834: checking for strip
configure:5850: found /usr/bin/strip
configure:5861: result: strip
configure:5933: checking for ranlib
configure:5949: found /usr/bin/ranlib
configure:5960: result: ranlib
configure:6062: checking command to parse /usr/bin/nm -B output from gcc object
configure:6215: gcc -c -g -O2  conftest.c >&5
configure:6218: $? = 0
configure:6222: /usr/bin/nm -B conftest.o \| sed -n -e 's/^.*[ ]\([ABCDGIRSTW][ABCDGIRSTW]*\)[ ][ ]*\([_A-Za-z][_A-Za-z0-9]*\)$/\1 \2 \2/p' | sed '/ __gnu_lto/d' \> conftest.nm
configure:6225: $? = 0
configure:6291: gcc -o conftest -g -O2   conftest.c conftstm.o >&5
configure:6294: $? = 0
configure:6332: result: ok
configure:6379: checking for sysroot
configure:6409: result: no
configure:6416: checking for a working dd
configure:6454: result: /bin/dd
configure:6458: checking how to truncate binary pipes
configure:6473: result: /bin/dd bs=4096 count=1
configure:6609: gcc -c -g -O2  conftest.c >&5
configure:6612: $? = 0
configure:6802: checking for mt
configure:6818: found /bin/mt
configure:6829: result: mt
configure:6852: checking if mt is a manifest tool
configure:6858: mt '-?'
configure:6866: result: no
configure:7543: checking how to run the C preprocessor
configure:7574: gcc -E  conftest.c
configure:7574: $? = 0
configure:7588: gcc -E  conftest.c
conftest.c:11:28: fatal error: ac_nonexistent.h: No such file or directory
 #include <ac_nonexistent.h>
                            ^
compilation terminated.
configure:7588: $? = 1
configure: failed program was:
| /* confdefs.h */
| #define PACKAGE_NAME "mcsim"
| #define PACKAGE_TARNAME "mcsim"
| #define PACKAGE_VERSION "6.0.1"
| #define PACKAGE_STRING "mcsim 6.0.1"
| #define PACKAGE_BUGREPORT "bug-mcsim@gnu.org"
| #define PACKAGE_URL ""
| #define PACKAGE "mcsim"
| #define VERSION "6.0.1"
| /* end confdefs.h.  */
| #include <ac_nonexistent.h>
configure:7613: result: gcc -E
configure:7633: gcc -E  conftest.c
configure:7633: $? = 0
configure:7647: gcc -E  conftest.c
conftest.c:11:28: fatal error: ac_nonexistent.h: No such file or directory
 #include <ac_nonexistent.h>
                            ^
compilation terminated.
configure:7647: $? = 1
configure: failed program was:
| /* confdefs.h */
| #define PACKAGE_NAME "mcsim"
| #define PACKAGE_TARNAME "mcsim"
| #define PACKAGE_VERSION "6.0.1"
| #define PACKAGE_STRING "mcsim 6.0.1"
| #define PACKAGE_BUGREPORT "bug-mcsim@gnu.org"
| #define PACKAGE_URL ""
| #define PACKAGE "mcsim"
| #define VERSION "6.0.1"
| /* end confdefs.h.  */
| #include <ac_nonexistent.h>
configure:7676: checking for ANSI C header files
configure:7696: gcc -c -g -O2  conftest.c >&5
configure:7696: $? = 0
configure:7769: gcc -o conftest -g -O2   conftest.c  >&5
configure:7769: $? = 0
configure:7769: ./conftest
configure:7769: $? = 0
configure:7780: result: yes
configure:7793: checking for sys/types.h
configure:7793: gcc -c -g -O2  conftest.c >&5
configure:7793: $? = 0
configure:7793: result: yes
configure:7793: checking for sys/stat.h
configure:7793: gcc -c -g -O2  conftest.c >&5
configure:7793: $? = 0
configure:7793: result: yes
configure:7793: checking for stdlib.h
configure:7793: gcc -c -g -O2  conftest.c >&5
configure:7793: $? = 0
configure:7793: result: yes
configure:7793: checking for string.h
configure:7793: gcc -c -g -O2  conftest.c >&5
configure:7793: $? = 0
configure:7793: result: yes
configure:7793: checking for memory.h
configure:7793: gcc -c -g -O2  conftest.c >&5
configure:7793: $? = 0
configure:7793: result: yes
configure:7793: checking for strings.h
configure:7793: gcc -c -g -O2  conftest.c >&5
configure:7793: $? = 0
configure:7793: result: yes
configure:7793: checking for inttypes.h
configure:7793: gcc -c -g -O2  conftest.c >&5
configure:7793: $? = 0
configure:7793: result: yes
configure:7793: checking for stdint.h
configure:7793: gcc -c -g -O2  conftest.c >&5
configure:7793: $? = 0
configure:7793: result: yes
configure:7793: checking for unistd.h
configure:7793: gcc -c -g -O2  conftest.c >&5
configure:7793: $? = 0
configure:7793: result: yes
configure:7807: checking for dlfcn.h
configure:7807: gcc -c -g -O2  conftest.c >&5
configure:7807: $? = 0
configure:7807: result: yes
configure:8063: checking for objdir
configure:8078: result: .libs
configure:8342: checking if gcc supports -fno-rtti -fno-exceptions
configure:8360: gcc -c -g -O2  -fno-rtti -fno-exceptions conftest.c >&5
cc1: warning: command line option '-fno-rtti' is valid for C++/ObjC++ but not for C [enabled by default]
configure:8364: $? = 0
configure:8377: result: no
configure:8735: checking for gcc option to produce PIC
configure:8742: result: -fPIC -DPIC
configure:8750: checking if gcc PIC flag -fPIC -DPIC works
configure:8768: gcc -c -g -O2  -fPIC -DPIC -DPIC conftest.c >&5
configure:8772: $? = 0
configure:8785: result: yes
configure:8814: checking if gcc static flag -static works
configure:8842: result: yes
configure:8857: checking if gcc supports -c -o file.o
configure:8878: gcc -c -g -O2  -o out/conftest2.o conftest.c >&5
configure:8882: $? = 0
configure:8904: result: yes
configure:8912: checking if gcc supports -c -o file.o
configure:8959: result: yes
configure:8992: checking whether the gcc linker (/usr/bin/ld -m elf_x86_64) supports shared libraries
configure:10255: result: yes
configure:10292: checking whether -lc should be explicitly linked in
configure:10300: gcc -c -g -O2  conftest.c >&5
configure:10303: $? = 0
configure:10318: gcc -shared  -fPIC -DPIC conftest.o  -v -Wl,-soname -Wl,conftest -o conftest 2\>\&1 \| /bin/grep  -lc  \>/dev/null 2\>\&1
configure:10321: $? = 0
configure:10335: result: no
configure:10495: checking dynamic linker characteristics
configure:11076: gcc -o conftest -g -O2   -Wl,-rpath -Wl,/foo conftest.c  >&5
configure:11076: $? = 0
configure:11325: result: GNU/Linux ld.so
configure:11447: checking how to hardcode library paths into programs
configure:11472: result: immediate
configure:12020: checking whether stripping libraries is possible
configure:12025: result: yes
configure:12060: checking if libtool supports shared libraries
configure:12062: result: yes
configure:12065: checking whether to build shared libraries
configure:12090: result: yes
configure:12093: checking whether to build static libraries
configure:12097: result: yes
configure:12184: checking for gcc
configure:12211: result: gcc
configure:12440: checking for C compiler version
configure:12449: gcc --version >&5
gcc (Ubuntu 4.8.4-2ubuntu1~14.04.3) 4.8.4
Copyright (C) 2013 Free Software Foundation, Inc.
This is free software; see the source for copying conditions.  There is NO
warranty; not even for MERCHANTABILITY or FITNESS FOR A PARTICULAR PURPOSE.

configure:12460: $? = 0
configure:12449: gcc -v >&5
Using built-in specs.
COLLECT_GCC=gcc
COLLECT_LTO_WRAPPER=/usr/lib/gcc/x86_64-linux-gnu/4.8/lto-wrapper
Target: x86_64-linux-gnu
Configured with: ../src/configure -v --with-pkgversion='Ubuntu 4.8.4-2ubuntu1~14.04.3' --with-bugurl=file:///usr/share/doc/gcc-4.8/README.Bugs --enable-languages=c,c++,java,go,d,fortran,objc,obj-c++ --prefix=/usr --program-suffix=-4.8 --enable-shared --enable-linker-build-id --libexecdir=/usr/lib --without-included-gettext --enable-threads=posix --with-gxx-include-dir=/usr/include/c++/4.8 --libdir=/usr/lib --enable-nls --with-sysroot=/ --enable-clocale=gnu --enable-libstdcxx-debug --enable-libstdcxx-time=yes --enable-gnu-unique-object --disable-libmudflap --enable-plugin --with-system-zlib --disable-browser-plugin --enable-java-awt=gtk --enable-gtk-cairo --with-java-home=/usr/lib/jvm/java-1.5.0-gcj-4.8-amd64/jre --enable-java-home --with-jvm-root-dir=/usr/lib/jvm/java-1.5.0-gcj-4.8-amd64 --with-jvm-jar-dir=/usr/lib/jvm-exports/java-1.5.0-gcj-4.8-amd64 --with-arch-directory=amd64 --with-ecj-jar=/usr/share/java/eclipse-ecj.jar --enable-objc-gc --enable-multiarch --disable-werror --with-arch-32=i686 --with-abi=m64 --with-multilib-list=m32,m64,mx32 --with-tune=generic --enable-checking=release --build=x86_64-linux-gnu --host=x86_64-linux-gnu --target=x86_64-linux-gnu
Thread model: posix
gcc version 4.8.4 (Ubuntu 4.8.4-2ubuntu1~14.04.3) 
configure:12460: $? = 0
configure:12449: gcc -V >&5
gcc: error: unrecognized command line option '-V'
gcc: fatal error: no input files
compilation terminated.
configure:12460: $? = 4
configure:12449: gcc -qversion >&5
gcc: error: unrecognized command line option '-qversion'
gcc: fatal error: no input files
compilation terminated.
configure:12460: $? = 4
configure:12464: checking whether we are using the GNU C compiler
configure:12492: result: yes
configure:12501: checking whether gcc accepts -g
configure:12562: result: yes
configure:12579: checking for gcc option to accept ISO C89
configure:12655: result: none needed
configure:12680: checking whether gcc understands -c and -o together
configure:12717: result: yes
configure:12736: checking dependency style of gcc
configure:12847: result: gcc3
configure:12866: checking for wish
configure:12882: found /usr/bin/wish
configure:12893: result: yes
configure:12903: checking for gnuplot
configure:12933: result: no
configure:12940: checking for main in -llapack
configure:12959: gcc -o conftest -g -O2   conftest.c -llapack   >&5
/usr/bin/ld: cannot find -llapack
collect2: error: ld returned 1 exit status
configure:12959: $? = 1
configure: failed program was:
| /* confdefs.h */
| #define PACKAGE_NAME "mcsim"
| #define PACKAGE_TARNAME "mcsim"
| #define PACKAGE_VERSION "6.0.1"
| #define PACKAGE_STRING "mcsim 6.0.1"
| #define PACKAGE_BUGREPORT "bug-mcsim@gnu.org"
| #define PACKAGE_URL ""
| #define PACKAGE "mcsim"
| #define VERSION "6.0.1"
| #define STDC_HEADERS 1
| #define HAVE_SYS_TYPES_H 1
| #define HAVE_SYS_STAT_H 1
| #define HAVE_STDLIB_H 1
| #define HAVE_STRING_H 1
| #define HAVE_MEMORY_H 1
| #define HAVE_STRINGS_H 1
| #define HAVE_INTTYPES_H 1
| #define HAVE_STDINT_H 1
| #define HAVE_UNISTD_H 1
| #define HAVE_DLFCN_H 1
| #define LT_OBJDIR ".libs/"
| /* end confdefs.h.  */
| 
| 
| int
| main ()
| {
| return main ();
|   ;
|   return 0;
| }
configure:12968: result: no
configure:12979: checking for main in -lsundials_nvecserial
configure:12998: gcc -o conftest -g -O2   conftest.c -lsundials_nvecserial   >&5
/usr/bin/ld: cannot find -lsundials_nvecserial
collect2: error: ld returned 1 exit status
configure:12998: $? = 1
configure: failed program was:
| /* confdefs.h */
| #define PACKAGE_NAME "mcsim"
| #define PACKAGE_TARNAME "mcsim"
| #define PACKAGE_VERSION "6.0.1"
| #define PACKAGE_STRING "mcsim 6.0.1"
| #define PACKAGE_BUGREPORT "bug-mcsim@gnu.org"
| #define PACKAGE_URL ""
| #define PACKAGE "mcsim"
| #define VERSION "6.0.1"
| #define STDC_HEADERS 1
| #define HAVE_SYS_TYPES_H 1
| #define HAVE_SYS_STAT_H 1
| #define HAVE_STDLIB_H 1
| #define HAVE_STRING_H 1
| #define HAVE_MEMORY_H 1
| #define HAVE_STRINGS_H 1
| #define HAVE_INTTYPES_H 1
| #define HAVE_STDINT_H 1
| #define HAVE_UNISTD_H 1
| #define HAVE_DLFCN_H 1
| #define LT_OBJDIR ".libs/"
| /* end confdefs.h.  */
| 
| 
| int
| main ()
| {
| return main ();
|   ;
|   return 0;
| }
configure:13007: result: no
configure:13018: checking for main in -lsundials_cvodes
configure:13037: gcc -o conftest -g -O2   conftest.c -lsundials_cvodes   >&5
/usr/bin/ld: cannot find -lsundials_cvodes
collect2: error: ld returned 1 exit status
configure:13037: $? = 1
configure: failed program was:
| /* confdefs.h */
| #define PACKAGE_NAME "mcsim"
| #define PACKAGE_TARNAME "mcsim"
| #define PACKAGE_VERSION "6.0.1"
| #define PACKAGE_STRING "mcsim 6.0.1"
| #define PACKAGE_BUGREPORT "bug-mcsim@gnu.org"
| #define PACKAGE_URL ""
| #define PACKAGE "mcsim"
| #define VERSION "6.0.1"
| #define STDC_HEADERS 1
| #define HAVE_SYS_TYPES_H 1
| #define HAVE_SYS_STAT_H 1
| #define HAVE_STDLIB_H 1
| #define HAVE_STRING_H 1
| #define HAVE_MEMORY_H 1
| #define HAVE_STRINGS_H 1
| #define HAVE_INTTYPES_H 1
| #define HAVE_STDINT_H 1
| #define HAVE_UNISTD_H 1
| #define HAVE_DLFCN_H 1
| #define LT_OBJDIR ".libs/"
| /* end confdefs.h.  */
| 
| 
| int
| main ()
| {
| return main ();
|   ;
|   return 0;
| }
configure:13046: result: no
configure:13057: checking for main in -lgslcblas
configure:13076: gcc -o conftest -g -O2   conftest.c -lgslcblas   >&5
/usr/bin/ld: cannot find -lgslcblas
collect2: error: ld returned 1 exit status
configure:13076: $? = 1
configure: failed program was:
| /* confdefs.h */
| #define PACKAGE_NAME "mcsim"
| #define PACKAGE_TARNAME "mcsim"
| #define PACKAGE_VERSION "6.0.1"
| #define PACKAGE_STRING "mcsim 6.0.1"
| #define PACKAGE_BUGREPORT "bug-mcsim@gnu.org"
| #define PACKAGE_URL ""
| #define PACKAGE "mcsim"
| #define VERSION "6.0.1"
| #define STDC_HEADERS 1
| #define HAVE_SYS_TYPES_H 1
| #define HAVE_SYS_STAT_H 1
| #define HAVE_STDLIB_H 1
| #define HAVE_STRING_H 1
| #define HAVE_MEMORY_H 1
| #define HAVE_STRINGS_H 1
| #define HAVE_INTTYPES_H 1
| #define HAVE_STDINT_H 1
| #define HAVE_UNISTD_H 1
| #define HAVE_DLFCN_H 1
| #define LT_OBJDIR ".libs/"
| /* end confdefs.h.  */
| 
| 
| int
| main ()
| {
| return main ();
|   ;
|   return 0;
| }
configure:13085: result: no
configure:13096: checking for gsl_cdf_gamma_P in -lgsl
configure:13121: gcc -o conftest -g -O2   conftest.c -lgsl   >&5
/usr/bin/ld: cannot find -lgsl
collect2: error: ld returned 1 exit status
configure:13121: $? = 1
configure: failed program was:
| /* confdefs.h */
| #define PACKAGE_NAME "mcsim"
| #define PACKAGE_TARNAME "mcsim"
| #define PACKAGE_VERSION "6.0.1"
| #define PACKAGE_STRING "mcsim 6.0.1"
| #define PACKAGE_BUGREPORT "bug-mcsim@gnu.org"
| #define PACKAGE_URL ""
| #define PACKAGE "mcsim"
| #define VERSION "6.0.1"
| #define STDC_HEADERS 1
| #define HAVE_SYS_TYPES_H 1
| #define HAVE_SYS_STAT_H 1
| #define HAVE_STDLIB_H 1
| #define HAVE_STRING_H 1
| #define HAVE_MEMORY_H 1
| #define HAVE_STRINGS_H 1
| #define HAVE_INTTYPES_H 1
| #define HAVE_STDINT_H 1
| #define HAVE_UNISTD_H 1
| #define HAVE_DLFCN_H 1
| #define LT_OBJDIR ".libs/"
| /* end confdefs.h.  */
| 
| /* Override any GCC internal prototype to avoid an error.
|    Use char because int might match the return type of a GCC
|    builtin and then its argument prototype would still apply.  */
| #ifdef __cplusplus
| extern "C"
| #endif
| char gsl_cdf_gamma_P ();
| int
| main ()
| {
| return gsl_cdf_gamma_P ();
|   ;
|   return 0;
| }
configure:13130: result: no
configure:13141: checking for main in -lm
configure:13160: gcc -o conftest -g -O2   conftest.c -lm   >&5
configure:13160: $? = 0
configure:13169: result: yes
configure:13180: checking for main in -lsbml
configure:13199: gcc -o conftest -g -O2   conftest.c -lsbml  -lm  >&5
/usr/bin/ld: cannot find -lsbml
collect2: error: ld returned 1 exit status
configure:13199: $? = 1
configure: failed program was:
| /* confdefs.h */
| #define PACKAGE_NAME "mcsim"
| #define PACKAGE_TARNAME "mcsim"
| #define PACKAGE_VERSION "6.0.1"
| #define PACKAGE_STRING "mcsim 6.0.1"
| #define PACKAGE_BUGREPORT "bug-mcsim@gnu.org"
| #define PACKAGE_URL ""
| #define PACKAGE "mcsim"
| #define VERSION "6.0.1"
| #define STDC_HEADERS 1
| #define HAVE_SYS_TYPES_H 1
| #define HAVE_SYS_STAT_H 1
| #define HAVE_STDLIB_H 1
| #define HAVE_STRING_H 1
| #define HAVE_MEMORY_H 1
| #define HAVE_STRINGS_H 1
| #define HAVE_INTTYPES_H 1
| #define HAVE_STDINT_H 1
| #define HAVE_UNISTD_H 1
| #define HAVE_DLFCN_H 1
| #define LT_OBJDIR ".libs/"
| #define HAVE_LIBM 1
| /* end confdefs.h.  */
| 
| 
| int
| main ()
| {
| return main ();
|   ;
|   return 0;
| }
configure:13208: result: no
configure:13221: checking for ANSI C header files
configure:13325: result: yes
configure:13336: checking float.h usability
configure:13336: gcc -c -g -O2  conftest.c >&5
configure:13336: $? = 0
configure:13336: result: yes
configure:13336: checking float.h presence
configure:13336: gcc -E  conftest.c
configure:13336: $? = 0
configure:13336: result: yes
configure:13336: checking for float.h
configure:13336: result: yes
configure:13336: checking limits.h usability
configure:13336: gcc -c -g -O2  conftest.c >&5
configure:13336: $? = 0
configure:13336: result: yes
configure:13336: checking limits.h presence
configure:13336: gcc -E  conftest.c
configure:13336: $? = 0
configure:13336: result: yes
configure:13336: checking for limits.h
configure:13336: result: yes
configure:13348: checking for an ANSI C-conforming const
configure:13414: gcc -c -g -O2  conftest.c >&5
configure:13414: $? = 0
configure:13421: result: yes
configure:13429: checking whether struct tm is in sys/time.h or time.h
configure:13449: gcc -c -g -O2  conftest.c >&5
configure:13449: $? = 0
configure:13456: result: time.h
configure:13468: checking for stdlib.h
configure:13468: result: yes
configure:13478: checking for GNU libc compatible malloc
configure:13502: gcc -o conftest -g -O2   conftest.c -lm  >&5
configure:13502: $? = 0
configure:13502: ./conftest
configure:13502: $? = 0
configure:13512: result: yes
configure:13535: checking for stdlib.h
configure:13535: result: yes
configure:13545: checking for GNU libc compatible realloc
configure:13569: gcc -o conftest -g -O2   conftest.c -lm  >&5
configure:13569: $? = 0
configure:13569: ./conftest
configure:13569: $? = 0
configure:13579: result: yes
configure:13603: checking for floor
configure:13603: gcc -o conftest -g -O2   conftest.c -lm  >&5
conftest.c:54:6: warning: conflicting types for built-in function 'floor' [enabled by default]
 char floor ();
      ^
configure:13603: $? = 0
configure:13603: result: yes
configure:13603: checking for modf
configure:13603: gcc -o conftest -g -O2   conftest.c -lm  >&5
conftest.c:55:6: warning: conflicting types for built-in function 'modf' [enabled by default]
 char modf ();
      ^
configure:13603: $? = 0
configure:13603: result: yes
configure:13603: checking for pow
configure:13603: gcc -o conftest -g -O2   conftest.c -lm  >&5
conftest.c:56:6: warning: conflicting types for built-in function 'pow' [enabled by default]
 char pow ();
      ^
configure:13603: $? = 0
configure:13603: result: yes
configure:13603: checking for sqrt
configure:13603: gcc -o conftest -g -O2   conftest.c -lm  >&5
conftest.c:57:6: warning: conflicting types for built-in function 'sqrt' [enabled by default]
 char sqrt ();
      ^
configure:13603: $? = 0
configure:13603: result: yes
configure:13603: checking for strchr
configure:13603: gcc -o conftest -g -O2   conftest.c -lm  >&5
conftest.c:58:6: warning: conflicting types for built-in function 'strchr' [enabled by default]
 char strchr ();
      ^
configure:13603: $? = 0
configure:13603: result: yes
configure:13603: checking for erfc
configure:13603: gcc -o conftest -g -O2   conftest.c -lm  >&5
conftest.c:59:6: warning: conflicting types for built-in function 'erfc' [enabled by default]
 char erfc ();
      ^
configure:13603: $? = 0
configure:13603: result: yes
configure:13731: checking that generated files are newer than configure
configure:13737: result: done
configure:13764: creating ./config.status

## ---------------------- ##
## Running config.status. ##
## ---------------------- ##

This file was extended by mcsim config.status 6.0.1, which was
generated by GNU Autoconf 2.69.  Invocation command line was

  CONFIG_FILES    = 
  CONFIG_HEADERS  = 
  CONFIG_LINKS    = 
  CONFIG_COMMANDS = 
  $ ./config.status 

on nanhung-mcpk-5177527

config.status:1107: creating Makefile
config.status:1107: creating mod/Makefile
config.status:1107: creating sim/Makefile
config.status:1107: creating doc/Makefile
config.status:1107: creating sim/makemcsim
config.status:1107: creating sim/makemcsimd
config.status:1107: creating sim/makemcsims
config.status:1107: creating examples/perc/Makefile
config.status:1107: creating config.h
config.status:1288: config.h is unchanged
config.status:1336: executing depfiles commands
config.status:1336: executing libtool commands

## ---------------- ##
## Cache variables. ##
## ---------------- ##

ac_cv_build=x86_64-pc-linux-gnu
ac_cv_c_compiler_gnu=yes
ac_cv_c_const=yes
ac_cv_env_CC_set=
ac_cv_env_CC_value=
ac_cv_env_CFLAGS_set=
ac_cv_env_CFLAGS_value=
ac_cv_env_CPPFLAGS_set=
ac_cv_env_CPPFLAGS_value=
ac_cv_env_CPP_set=
ac_cv_env_CPP_value=
ac_cv_env_LDFLAGS_set=
ac_cv_env_LDFLAGS_value=
ac_cv_env_LIBS_set=
ac_cv_env_LIBS_value=
ac_cv_env_LT_SYS_LIBRARY_PATH_set=
ac_cv_env_LT_SYS_LIBRARY_PATH_value=
ac_cv_env_build_alias_set=
ac_cv_env_build_alias_value=
ac_cv_env_host_alias_set=
ac_cv_env_host_alias_value=
ac_cv_env_target_alias_set=
ac_cv_env_target_alias_value=
ac_cv_func_erfc=yes
ac_cv_func_floor=yes
ac_cv_func_malloc_0_nonnull=yes
ac_cv_func_modf=yes
ac_cv_func_pow=yes
ac_cv_func_realloc_0_nonnull=yes
ac_cv_func_sqrt=yes
ac_cv_func_strchr=yes
ac_cv_header_dlfcn_h=yes
ac_cv_header_float_h=yes
ac_cv_header_inttypes_h=yes
ac_cv_header_limits_h=yes
ac_cv_header_memory_h=yes
ac_cv_header_stdc=yes
ac_cv_header_stdint_h=yes
ac_cv_header_stdlib_h=yes
ac_cv_header_string_h=yes
ac_cv_header_strings_h=yes
ac_cv_header_sys_stat_h=yes
ac_cv_header_sys_types_h=yes
ac_cv_header_unistd_h=yes
ac_cv_host=x86_64-pc-linux-gnu
ac_cv_lib_gsl_gsl_cdf_gamma_P=no
ac_cv_lib_gslcblas_main=no
ac_cv_lib_lapack_main=no
ac_cv_lib_m_main=yes
ac_cv_lib_sbml_main=no
ac_cv_lib_sundials_cvodes_main=no
ac_cv_lib_sundials_nvecserial_main=no
ac_cv_objext=o
ac_cv_path_EGREP='/bin/grep -E'
ac_cv_path_FGREP='/bin/grep -F'
ac_cv_path_GREP=/bin/grep
ac_cv_path_SED=/bin/sed
ac_cv_path_install='/usr/bin/install -c'
ac_cv_path_lt_DD=/bin/dd
ac_cv_path_mkdir=/bin/mkdir
ac_cv_prog_AWK=gawk
ac_cv_prog_CPP='gcc -E'
ac_cv_prog_WISH_FOUND=yes
ac_cv_prog_ac_ct_AR=ar
ac_cv_prog_ac_ct_CC=gcc
ac_cv_prog_ac_ct_MANIFEST_TOOL=mt
ac_cv_prog_ac_ct_OBJDUMP=objdump
ac_cv_prog_ac_ct_RANLIB=ranlib
ac_cv_prog_ac_ct_STRIP=strip
ac_cv_prog_cc_c89=
ac_cv_prog_cc_g=yes
ac_cv_prog_make_make_set=yes
ac_cv_struct_tm=time.h
am_cv_CC_dependencies_compiler_type=gcc3
am_cv_ar_interface=ar
am_cv_make_support_nested_variables=yes
am_cv_prog_cc_c_o=yes
lt_cv_ar_at_file=@
lt_cv_archive_cmds_need_lc=no
lt_cv_deplibs_check_method=pass_all
lt_cv_file_magic_cmd='$MAGIC_CMD'
lt_cv_file_magic_test_file=
lt_cv_ld_reload_flag=-r
lt_cv_nm_interface='BSD nm'
lt_cv_objdir=.libs
lt_cv_path_LD=/usr/bin/ld
lt_cv_path_NM='/usr/bin/nm -B'
lt_cv_path_mainfest_tool=no
lt_cv_prog_compiler_c_o=yes
lt_cv_prog_compiler_pic='-fPIC -DPIC'
lt_cv_prog_compiler_pic_works=yes
lt_cv_prog_compiler_rtti_exceptions=no
lt_cv_prog_compiler_static_works=yes
lt_cv_prog_gnu_ld=yes
lt_cv_sharedlib_from_linklib_cmd='printf %s\n'
lt_cv_shlibpath_overrides_runpath=no
lt_cv_sys_global_symbol_pipe='sed -n -e '\''s/^.*[	 ]\([ABCDGIRSTW][ABCDGIRSTW]*\)[	 ][	 ]*\([_A-Za-z][_A-Za-z0-9]*\)$/\1 \2 \2/p'\'' | sed '\''/ __gnu_lto/d'\'''
lt_cv_sys_global_symbol_to_c_name_address='sed -n -e '\''s/^: \(.*\) .*$/  {"\1", (void *) 0},/p'\'' -e '\''s/^[ABCDGIRSTW][ABCDGIRSTW]* .* \(.*\)$/  {"\1", (void *) \&\1},/p'\'''
lt_cv_sys_global_symbol_to_c_name_address_lib_prefix='sed -n -e '\''s/^: \(.*\) .*$/  {"\1", (void *) 0},/p'\'' -e '\''s/^[ABCDGIRSTW][ABCDGIRSTW]* .* \(lib.*\)$/  {"\1", (void *) \&\1},/p'\'' -e '\''s/^[ABCDGIRSTW][ABCDGIRSTW]* .* \(.*\)$/  {"lib\1", (void *) \&\1},/p'\'''
lt_cv_sys_global_symbol_to_cdecl='sed -n -e '\''s/^T .* \(.*\)$/extern int \1();/p'\'' -e '\''s/^[ABCDGIRSTW][ABCDGIRSTW]* .* \(.*\)$/extern char \1;/p'\'''
lt_cv_sys_global_symbol_to_import=
lt_cv_sys_max_cmd_len=1572864
lt_cv_to_host_file_cmd=func_convert_file_noop
lt_cv_to_tool_file_cmd=func_convert_file_noop
lt_cv_truncate_bin='/bin/dd bs=4096 count=1'

## ----------------- ##
## Output variables. ##
## ----------------- ##

ACLOCAL='${SHELL} /home/ubuntu/workspace/mcsim-6.0.1/missing aclocal-1.15'
AMDEPBACKSLASH='\'
AMDEP_FALSE='#'
AMDEP_TRUE=''
AMTAR='$${TAR-tar}'
AM_BACKSLASH='\'
AM_DEFAULT_V='$(AM_DEFAULT_VERBOSITY)'
AM_DEFAULT_VERBOSITY='1'
AM_V='$(V)'
AR='ar'
AUTOCONF='${SHELL} /home/ubuntu/workspace/mcsim-6.0.1/missing autoconf'
AUTOHEADER='${SHELL} /home/ubuntu/workspace/mcsim-6.0.1/missing autoheader'
AUTOMAKE='${SHELL} /home/ubuntu/workspace/mcsim-6.0.1/missing automake-1.15'
AWK='gawk'
CC='gcc'
CCDEPMODE='depmode=gcc3'
CFLAGS='-g -O2'
CPP='gcc -E'
CPPFLAGS=''
CYGPATH_W='echo'
DEFS='-DHAVE_CONFIG_H'
DEPDIR='.deps'
DLLTOOL='false'
DSYMUTIL=''
DUMPBIN=''
ECHO_C=''
ECHO_N='-n'
ECHO_T=''
EGREP='/bin/grep -E'
EXEEXT=''
FGREP='/bin/grep -F'
GREP='/bin/grep'
INSTALL_DATA='${INSTALL} -m 644'
INSTALL_PROGRAM='${INSTALL}'
INSTALL_SCRIPT='${INSTALL}'
INSTALL_STRIP_PROGRAM='$(install_sh) -c -s'
LD='/usr/bin/ld -m elf_x86_64'
LDFLAGS=''
LIBOBJS=''
LIBS='-lm '
LIBTOOL='$(SHELL) $(top_builddir)/libtool'
LIPO=''
LN_S='ln -s'
LTLIBOBJS=''
LT_SYS_LIBRARY_PATH=''
MAKEINFO='${SHELL} /home/ubuntu/workspace/mcsim-6.0.1/missing makeinfo'
MANIFEST_TOOL=':'
MKDIR_P='/bin/mkdir -p'
NM='/usr/bin/nm -B'
NMEDIT=''
OBJDUMP='objdump'
OBJEXT='o'
OTOOL64=''
OTOOL=''
PACKAGE='mcsim'
PACKAGE_BUGREPORT='bug-mcsim@gnu.org'
PACKAGE_NAME='mcsim'
PACKAGE_STRING='mcsim 6.0.1'
PACKAGE_TARNAME='mcsim'
PACKAGE_URL=''
PACKAGE_VERSION='6.0.1'
PATH_SEPARATOR=':'
PLOT_FOUND=''
RANLIB='ranlib'
SED='/bin/sed'
SET_MAKE=''
SHELL='/bin/bash'
STRIP='strip'
VERSION='6.0.1'
WISH_FOUND='yes'
ac_ct_AR='ar'
ac_ct_CC='gcc'
ac_ct_DUMPBIN=''
am__EXEEXT_FALSE=''
am__EXEEXT_TRUE='#'
am__fastdepCC_FALSE='#'
am__fastdepCC_TRUE=''
am__include='include'
am__isrc=''
am__leading_dot='.'
am__nodep='_no'
am__quote=''
am__tar='$${TAR-tar} chof - "$$tardir"'
am__untar='$${TAR-tar} xf -'
bindir='${exec_prefix}/bin'
build='x86_64-pc-linux-gnu'
build_alias=''
build_cpu='x86_64'
build_os='linux-gnu'
build_vendor='pc'
datadir='${datarootdir}'
datarootdir='${prefix}/share'
docdir='${datarootdir}/doc/${PACKAGE_TARNAME}'
dvidir='${docdir}'
exec_prefix='${prefix}'
host='x86_64-pc-linux-gnu'
host_alias=''
host_cpu='x86_64'
host_os='linux-gnu'
host_vendor='pc'
htmldir='${docdir}'
includedir='${prefix}/include'
infodir='${datarootdir}/info'
install_sh='${SHELL} /home/ubuntu/workspace/mcsim-6.0.1/install-sh'
libdir='${exec_prefix}/lib'
libexecdir='${exec_prefix}/libexec'
localedir='${datarootdir}/locale'
localstatedir='${prefix}/var'
mandir='${datarootdir}/man'
mkdir_p='$(MKDIR_P)'
oldincludedir='/usr/include'
pdfdir='${docdir}'
prefix='/home/ubuntu'
program_transform_name='s,x,x,'
psdir='${docdir}'
runstatedir='${localstatedir}/run'
sbindir='${exec_prefix}/sbin'
sharedstatedir='${prefix}/com'
sysconfdir='${prefix}/etc'
target_alias=''

## ----------- ##
## confdefs.h. ##
## ----------- ##

/* confdefs.h */
#define PACKAGE_NAME "mcsim"
#define PACKAGE_TARNAME "mcsim"
#define PACKAGE_VERSION "6.0.1"
#define PACKAGE_STRING "mcsim 6.0.1"
#define PACKAGE_BUGREPORT "bug-mcsim@gnu.org"
#define PACKAGE_URL ""
#define PACKAGE "mcsim"
#define VERSION "6.0.1"
#define STDC_HEADERS 1
#define HAVE_SYS_TYPES_H 1
#define HAVE_SYS_STAT_H 1
#define HAVE_STDLIB_H 1
#define HAVE_STRING_H 1
#define HAVE_MEMORY_H 1
#define HAVE_STRINGS_H 1
#define HAVE_INTTYPES_H 1
#define HAVE_STDINT_H 1
#define HAVE_UNISTD_H 1
#define HAVE_DLFCN_H 1
#define LT_OBJDIR ".libs/"
#define HAVE_LIBM 1
#define STDC_HEADERS 1
#define HAVE_FLOAT_H 1
#define HAVE_LIMITS_H 1
#define HAVE_STDLIB_H 1
#define HAVE_MALLOC 1
#define HAVE_STDLIB_H 1
#define HAVE_REALLOC 1
#define HAVE_FLOOR 1
#define HAVE_MODF 1
#define HAVE_POW 1
#define HAVE_SQRT 1
#define HAVE_STRCHR 1
#define HAVE_ERFC 1

configure: exit 0
